Copyright 1986-2022 Xilinx, Inc. All Rights Reserved. Copyright 2022-2024 Advanced Micro Devices, Inc. All Rights Reserved.
---------------------------------------------------------------------------------------------------------------------------------------------
| Tool Version : Vivado v.2024.1 (win64) Build 5076996 Wed May 22 18:37:14 MDT 2024
| Date         : Sat Jan 31 09:26:39 2026
| Host         : SUJINYI running 64-bit major release  (build 9200)
| Command      : upgrade_ip
| Device       : xc7k325tffg900-2
---------------------------------------------------------------------------------------------------------------------------------------------

Upgrade Log for IP 'pll'

1. Summary
----------

SUCCESS in the upgrade of pll (xilinx.com:ip:clk_wiz:6.0) from (Rev. 13) to (Rev. 14)






Copyright 1986-2022 Xilinx, Inc. All Rights Reserved. Copyright 2022-2024 Advanced Micro Devices, Inc. All Rights Reserved.
---------------------------------------------------------------------------------------------------------------------------------------------
| Tool Version : Vivado v.2024.1 (win64) Build 5076996 Wed May 22 18:37:14 MDT 2024
| Date         : Sat Jan 31 09:26:26 2026
| Host         : SUJINYI running 64-bit major release  (build 9200)
| Command      : upgrade_ip
| Device       : xc7k325tffg900-2
---------------------------------------------------------------------------------------------------------------------------------------------

Upgrade Log for IP 'IROM'

1. Summary
----------

SUCCESS in the upgrade of IROM (xilinx.com:ip:dist_mem_gen:8.0) from (Rev. 14) to (Rev. 15)






Copyright 1986-2022 Xilinx, Inc. All Rights Reserved. Copyright 2022-2024 Advanced Micro Devices, Inc. All Rights Reserved.
---------------------------------------------------------------------------------------------------------------------------------------------
| Tool Version : Vivado v.2024.1 (win64) Build 5076996 Wed May 22 18:37:14 MDT 2024
| Date         : Sat Jan 31 09:26:26 2026
| Host         : SUJINYI running 64-bit major release  (build 9200)
| Command      : upgrade_ip
| Device       : xc7k325tffg900-2
---------------------------------------------------------------------------------------------------------------------------------------------

Upgrade Log for IP 'DRAM'

1. Summary
----------

SUCCESS in the upgrade of DRAM (xilinx.com:ip:dist_mem_gen:8.0) from (Rev. 14) to (Rev. 15)

