Copyright 1986-2022 Xilinx, Inc. All Rights Reserved. Copyright 2022-2024 Advanced Micro Devices, Inc. All Rights Reserved.
-------------------------------------------------------------------------------------------------------------------------------------------------------
| Tool Version     : Vivado v.2024.1 (win64) Build 5076996 Wed May 22 18:37:14 MDT 2024
| Date             : Wed Mar 11 18:03:44 2026
| Host             : KuonjiAlice running 64-bit major release  (build 9200)
| Command          : report_power -file student_top_power_routed.rpt -pb student_top_power_summary_routed.pb -rpx student_top_power_routed.rpx
| Design           : student_top
| Device           : xc7k325tffg900-2
| Design State     : routed
| Grade            : commercial
| Process          : typical
| Characterization : Production
-------------------------------------------------------------------------------------------------------------------------------------------------------

Power Report

Table of Contents
-----------------
1. Summary
1.1 On-Chip Components
1.2 Power Supply Summary
1.3 Confidence Level
2. Settings
2.1 Environment
2.2 Clock Constraints
3. Detailed Reports
3.1 By Hierarchy

1. Summary
----------

+--------------------------+--------------+
| Total On-Chip Power (W)  | 0.293        |
| Design Power Budget (W)  | Unspecified* |
| Power Budget Margin (W)  | NA           |
| Dynamic (W)              | 0.130        |
| Device Static (W)        | 0.163        |
| Effective TJA (C/W)      | 1.8          |
| Max Ambient (C)          | 84.5         |
| Junction Temperature (C) | 25.5         |
| Confidence Level         | Low          |
| Setting File             | ---          |
| Simulation Activity File | ---          |
| Design Nets Matched      | NA           |
+--------------------------+--------------+
* Specify Design Power Budget using, set_operating_conditions -design_power_budget <value in Watts>


1.1 On-Chip Components
----------------------

+-------------------------+-----------+----------+-----------+-----------------+
| On-Chip                 | Power (W) | Used     | Available | Utilization (%) |
+-------------------------+-----------+----------+-----------+-----------------+
| Clocks                  |     0.015 |        3 |       --- |             --- |
| Slice Logic             |     0.031 |     4456 |       --- |             --- |
|   LUT as Logic          |     0.029 |     1945 |    203800 |            0.95 |
|   F7/F8 Muxes           |     0.001 |      480 |    203800 |            0.24 |
|   CARRY4                |    <0.001 |      102 |     50950 |            0.20 |
|   Register              |    <0.001 |     1529 |    407600 |            0.38 |
|   BUFG                  |    <0.001 |        1 |        32 |            3.13 |
|   Others                |     0.000 |      218 |       --- |             --- |
|   LUT as Shift Register |     0.000 |        1 |     64000 |           <0.01 |
| Signals                 |     0.055 |     3573 |       --- |             --- |
| Block RAM               |     0.024 |       68 |       445 |           15.28 |
| I/O                     |     0.005 |      147 |       500 |           29.40 |
| Static Power            |     0.163 |          |           |                 |
| Total                   |     0.293 |          |           |                 |
+-------------------------+-----------+----------+-----------+-----------------+


1.2 Power Supply Summary
------------------------

+-----------+-------------+-----------+-------------+------------+-------------+-------------+------------+
| Source    | Voltage (V) | Total (A) | Dynamic (A) | Static (A) | Powerup (A) | Budget (A)  | Margin (A) |
+-----------+-------------+-----------+-------------+------------+-------------+-------------+------------+
| Vccint    |       1.000 |     0.194 |       0.123 |      0.070 |       NA    | Unspecified | NA         |
| Vccaux    |       1.800 |     0.029 |       0.000 |      0.028 |       NA    | Unspecified | NA         |
| Vcco33    |       3.300 |     0.000 |       0.000 |      0.000 |       NA    | Unspecified | NA         |
| Vcco25    |       2.500 |     0.000 |       0.000 |      0.000 |       NA    | Unspecified | NA         |
| Vcco18    |       1.800 |     0.003 |       0.002 |      0.001 |       NA    | Unspecified | NA         |
| Vcco15    |       1.500 |     0.000 |       0.000 |      0.000 |       NA    | Unspecified | NA         |
| Vcco135   |       1.350 |     0.000 |       0.000 |      0.000 |       NA    | Unspecified | NA         |
| Vcco12    |       1.200 |     0.000 |       0.000 |      0.000 |       NA    | Unspecified | NA         |
| Vccaux_io |       1.800 |     0.000 |       0.000 |      0.000 |       NA    | Unspecified | NA         |
| Vccbram   |       1.000 |     0.006 |       0.002 |      0.004 |       NA    | Unspecified | NA         |
| MGTAVcc   |       1.000 |     0.000 |       0.000 |      0.000 |       NA    | Unspecified | NA         |
| MGTAVtt   |       1.200 |     0.000 |       0.000 |      0.000 |       NA    | Unspecified | NA         |
| MGTVccaux |       1.800 |     0.000 |       0.000 |      0.000 |       NA    | Unspecified | NA         |
| Vccadc    |       1.800 |     0.020 |       0.000 |      0.020 |       NA    | Unspecified | NA         |
+-----------+-------------+-----------+-------------+------------+-------------+-------------+------------+


1.3 Confidence Level
--------------------

+-----------------------------+------------+--------------------------------------------------------+------------------------------------------------------------------------------------------------------------+
| User Input Data             | Confidence | Details                                                | Action                                                                                                     |
+-----------------------------+------------+--------------------------------------------------------+------------------------------------------------------------------------------------------------------------+
| Design implementation state | High       | Design is routed                                       |                                                                                                            |
| Clock nodes activity        | High       | User specified more than 95% of clocks                 |                                                                                                            |
| I/O nodes activity          | Low        | More than 75% of inputs are missing user specification | Provide missing input activity with simulation results or by editing the "By Resource Type -> I/Os" view   |
| Internal nodes activity     | Medium     | User specified less than 25% of internal nodes         | Provide missing internal nodes activity with simulation results or by editing the "By Resource Type" views |
| Device models               | High       | Device models are Production                           |                                                                                                            |
|                             |            |                                                        |                                                                                                            |
| Overall confidence level    | Low        |                                                        |                                                                                                            |
+-----------------------------+------------+--------------------------------------------------------+------------------------------------------------------------------------------------------------------------+


2. Settings
-----------

2.1 Environment
---------------

+-----------------------+--------------------------+
| Ambient Temp (C)      | 25.0                     |
| ThetaJA (C/W)         | 1.8                      |
| Airflow (LFM)         | 250                      |
| Heat Sink             | medium (Medium Profile)  |
| ThetaSA (C/W)         | 3.3                      |
| Board Selection       | medium (10"x10")         |
| # of Board Layers     | 12to15 (12 to 15 Layers) |
| Board Temperature (C) | 25.0                     |
+-----------------------+--------------------------+


2.2 Clock Constraints
---------------------

+-------+-----------+-----------------+
| Clock | Domain    | Constraint (ns) |
+-------+-----------+-----------------+
| clk   | w_cpu_clk |             6.5 |
+-------+-----------+-----------------+


3. Detailed Reports
-------------------

3.1 By Hierarchy
----------------

+--------------------------+-----------+
| Name                     | Power (W) |
+--------------------------+-----------+
| student_top              |     0.130 |
|   Core_cpu               |     0.086 |
|     ALU_rf_data1_mux     |     0.002 |
|     ALU_rf_data2_mux     |     0.003 |
|     ALU_rs1_mux          |     0.003 |
|     ALU_rs2_mux          |     0.002 |
|     PC_inst              |     0.001 |
|     Regfile_inst         |     0.021 |
|     SegReg_EX_LS_inst    |     0.006 |
|     SegReg_ID_EX_inst    |     0.021 |
|     SegReg_IF1_IF2_inst  |     0.001 |
|     SegReg_IF2_ID_inst   |     0.009 |
|     SegReg_LS_WB_inst    |     0.008 |
|   Mem_IROM               |     0.013 |
|     U0                   |     0.013 |
|       inst_blk_mem_gen   |     0.013 |
|   bridge_inst            |     0.023 |
|     dram_driver_inst     |     0.019 |
|       your_instance_name |     0.019 |
+--------------------------+-----------+


