
*** Running vivado
    with args -log student_top.vdi -applog -m64 -product Vivado -messageDb vivado.pb -mode batch -source student_top.tcl -notrace



****** Vivado v2024.1 (64-bit)
  **** SW Build 5076996 on Wed May 22 18:37:14 MDT 2024
  **** IP Build 5075265 on Wed May 22 21:45:21 MDT 2024
  **** SharedData Build 5076995 on Wed May 22 18:29:18 MDT 2024
  **** Start of session at: Tue Mar 10 10:21:52 2026
    ** Copyright 1986-2022 Xilinx, Inc. All Rights Reserved.
    ** Copyright 2022-2024 Advanced Micro Devices, Inc. All Rights Reserved.

source student_top.tcl -notrace
Command: link_design -top student_top -part xc7k325tffg900-2
Design is defaulting to srcset: sources_1
Design is defaulting to constrset: constrs_1
INFO: [Device 21-403] Loading part xc7k325tffg900-2
INFO: [Device 21-9227] Part: xc7k325tffg900-2 does not have CEAM library.
INFO: [Project 1-454] Reading design checkpoint 'd:/26work/JYD2025_Contest-Template/digital_twin.gen/sources_1/ip/IROM/IROM.dcp' for cell 'Mem_IROM'
INFO: [Project 1-454] Reading design checkpoint 'd:/26work/JYD2025_Contest-Template/digital_twin.gen/sources_1/ip/DRAM/DRAM.dcp' for cell 'bridge_inst/dram_driver_inst/Mem_DRAM'
Netlist sorting complete. Time (s): cpu = 00:00:01 ; elapsed = 00:00:00.091 . Memory (MB): peak = 1097.020 ; gain = 0.000
INFO: [Netlist 29-17] Analyzing 10686 Unisim elements for replacement
INFO: [Netlist 29-28] Unisim Transformation completed in 2 CPU seconds
INFO: [Project 1-479] Netlist was created with Vivado 2024.1
INFO: [Project 1-570] Preparing netlist for logic optimization
CRITICAL WARNING: [Designutils 20-1280] Could not find module 'pll'. The XDC file d:/26work/JYD2025_Contest-Template/digital_twin.gen/sources_1/ip/pll/pll_board.xdc will not be read for any cell of this module.
CRITICAL WARNING: [Designutils 20-1280] Could not find module 'pll'. The XDC file d:/26work/JYD2025_Contest-Template/digital_twin.gen/sources_1/ip/pll/pll.xdc will not be read for any cell of this module.
Parsing XDC File [D:/26work/JYD2025_Contest-Template/digital_twin.srcs/constrs_1/new/sta.xdc]
Finished Parsing XDC File [D:/26work/JYD2025_Contest-Template/digital_twin.srcs/constrs_1/new/sta.xdc]
INFO: [Opt 31-138] Pushed 0 inverter(s) to 0 load pin(s).
Netlist sorting complete. Time (s): cpu = 00:00:00 ; elapsed = 00:00:00.016 . Memory (MB): peak = 1353.535 ; gain = 0.000
INFO: [Project 1-111] Unisim Transformation Summary:
  A total of 8192 instances were transformed.
  RAM256X1S => RAM256X1S (MUXF7(x2), MUXF8, RAMS64E(x4)): 8192 instances

10 Infos, 0 Warnings, 2 Critical Warnings and 0 Errors encountered.
link_design completed successfully
link_design: Time (s): cpu = 00:00:13 ; elapsed = 00:00:13 . Memory (MB): peak = 1353.535 ; gain = 759.555
Command: opt_design
Attempting to get a license for feature 'Implementation' and/or device 'xc7k325t'
INFO: [Common 17-349] Got license for feature 'Implementation' and/or device 'xc7k325t'
Running DRC as a precondition to command opt_design

Starting DRC Task
INFO: [DRC 23-27] Running DRC with 12 threads
INFO: [Project 1-461] DRC finished with 0 Errors
INFO: [Project 1-462] Please refer to the DRC report (report_drc) for more information.

Time (s): cpu = 00:00:01 ; elapsed = 00:00:00.657 . Memory (MB): peak = 1401.918 ; gain = 48.383

Starting Cache Timing Information Task
INFO: [Timing 38-35] Done setting XDC timing constraints.
Ending Cache Timing Information Task | Checksum: 1301a97dc

Time (s): cpu = 00:00:09 ; elapsed = 00:00:06 . Memory (MB): peak = 2095.391 ; gain = 693.473

Starting Logic Optimization Task

Phase 1 Initialization

Phase 1.1 Core Generation And Design Setup
Phase 1.1 Core Generation And Design Setup | Checksum: 1301a97dc

Time (s): cpu = 00:00:00 ; elapsed = 00:00:00.017 . Memory (MB): peak = 2452.383 ; gain = 0.000

Phase 1.2 Setup Constraints And Sort Netlist
Phase 1.2 Setup Constraints And Sort Netlist | Checksum: 1301a97dc

Time (s): cpu = 00:00:00 ; elapsed = 00:00:00.048 . Memory (MB): peak = 2452.383 ; gain = 0.000
Phase 1 Initialization | Checksum: 1301a97dc

Time (s): cpu = 00:00:00 ; elapsed = 00:00:00.059 . Memory (MB): peak = 2452.383 ; gain = 0.000

Phase 2 Timer Update And Timing Data Collection

Phase 2.1 Timer Update
Phase 2.1 Timer Update | Checksum: 1301a97dc

Time (s): cpu = 00:00:06 ; elapsed = 00:00:01 . Memory (MB): peak = 2494.719 ; gain = 42.336

Phase 2.2 Timing Data Collection
Phase 2.2 Timing Data Collection | Checksum: 1301a97dc

Time (s): cpu = 00:00:06 ; elapsed = 00:00:02 . Memory (MB): peak = 2494.719 ; gain = 42.336
Phase 2 Timer Update And Timing Data Collection | Checksum: 1301a97dc

Time (s): cpu = 00:00:06 ; elapsed = 00:00:02 . Memory (MB): peak = 2494.719 ; gain = 42.336

Phase 3 Retarget
INFO: [Opt 31-1834] Total Chains To Be Transformed Were: 0 AND Number of Transformed insts Created are: 0
INFO: [Opt 31-1566] Pulled 1 inverters resulting in an inversion of 3 pins
INFO: [Opt 31-138] Pushed 0 inverter(s) to 0 load pin(s).
INFO: [Opt 31-49] Retargeted 0 cell(s).
Phase 3 Retarget | Checksum: 1feb9aa2e

Time (s): cpu = 00:00:07 ; elapsed = 00:00:02 . Memory (MB): peak = 2494.719 ; gain = 42.336
Retarget | Checksum: 1feb9aa2e
INFO: [Opt 31-389] Phase Retarget created 0 cells and removed 1 cells

Phase 4 Constant propagation
INFO: [Opt 31-138] Pushed 0 inverter(s) to 0 load pin(s).
Phase 4 Constant propagation | Checksum: 20320d967

Time (s): cpu = 00:00:07 ; elapsed = 00:00:02 . Memory (MB): peak = 2494.719 ; gain = 42.336
Constant propagation | Checksum: 20320d967
INFO: [Opt 31-389] Phase Constant propagation created 0 cells and removed 0 cells

Phase 5 Sweep
Phase 5 Sweep | Checksum: 1563b0d65

Time (s): cpu = 00:00:07 ; elapsed = 00:00:03 . Memory (MB): peak = 2494.719 ; gain = 42.336
Sweep | Checksum: 1563b0d65
INFO: [Opt 31-389] Phase Sweep created 0 cells and removed 32 cells

Phase 6 BUFG optimization
Phase 6 BUFG optimization | Checksum: 1563b0d65

Time (s): cpu = 00:00:10 ; elapsed = 00:00:04 . Memory (MB): peak = 2494.719 ; gain = 42.336
BUFG optimization | Checksum: 1563b0d65
INFO: [Opt 31-662] Phase BUFG optimization created 0 cells of which 0 are BUFGs and removed 0 cells.

Phase 7 Shift Register Optimization
INFO: [Opt 31-1064] SRL Remap converted 0 SRLs to 0 registers and converted 0 registers of register chains to 0 SRLs
Phase 7 Shift Register Optimization | Checksum: 1563b0d65

Time (s): cpu = 00:00:10 ; elapsed = 00:00:04 . Memory (MB): peak = 2494.719 ; gain = 42.336
Shift Register Optimization | Checksum: 1563b0d65
INFO: [Opt 31-389] Phase Shift Register Optimization created 0 cells and removed 0 cells

Phase 8 Post Processing Netlist
Phase 8 Post Processing Netlist | Checksum: 1563b0d65

Time (s): cpu = 00:00:10 ; elapsed = 00:00:04 . Memory (MB): peak = 2494.719 ; gain = 42.336
Post Processing Netlist | Checksum: 1563b0d65
INFO: [Opt 31-389] Phase Post Processing Netlist created 0 cells and removed 0 cells

Phase 9 Finalization

Phase 9.1 Finalizing Design Cores and Updating Shapes
Phase 9.1 Finalizing Design Cores and Updating Shapes | Checksum: 11eb27b90

Time (s): cpu = 00:00:10 ; elapsed = 00:00:05 . Memory (MB): peak = 2494.719 ; gain = 42.336

Phase 9.2 Verifying Netlist Connectivity

Starting Connectivity Check Task

Time (s): cpu = 00:00:00 ; elapsed = 00:00:00.028 . Memory (MB): peak = 2494.719 ; gain = 0.000
Phase 9.2 Verifying Netlist Connectivity | Checksum: 11eb27b90

Time (s): cpu = 00:00:10 ; elapsed = 00:00:05 . Memory (MB): peak = 2494.719 ; gain = 42.336
Phase 9 Finalization | Checksum: 11eb27b90

Time (s): cpu = 00:00:10 ; elapsed = 00:00:05 . Memory (MB): peak = 2494.719 ; gain = 42.336
Opt_design Change Summary
=========================


-------------------------------------------------------------------------------------------------------------------------
|  Phase                        |  #Cells created  |  #Cells Removed  |  #Constrained objects preventing optimizations  |
-------------------------------------------------------------------------------------------------------------------------
|  Retarget                     |               0  |               1  |                                              0  |
|  Constant propagation         |               0  |               0  |                                              0  |
|  Sweep                        |               0  |              32  |                                              0  |
|  BUFG optimization            |               0  |               0  |                                              0  |
|  Shift Register Optimization  |               0  |               0  |                                              0  |
|  Post Processing Netlist      |               0  |               0  |                                              0  |
-------------------------------------------------------------------------------------------------------------------------


Ending Logic Optimization Task | Checksum: 11eb27b90

Time (s): cpu = 00:00:10 ; elapsed = 00:00:05 . Memory (MB): peak = 2494.719 ; gain = 42.336

Starting Power Optimization Task
INFO: [Pwropt 34-132] Skipping clock gating for clocks with a period < 2.00 ns.
Ending Power Optimization Task | Checksum: 11eb27b90

Time (s): cpu = 00:00:00 ; elapsed = 00:00:00.044 . Memory (MB): peak = 2494.719 ; gain = 0.000

Starting Final Cleanup Task
Ending Final Cleanup Task | Checksum: 11eb27b90

Time (s): cpu = 00:00:00 ; elapsed = 00:00:00.007 . Memory (MB): peak = 2494.719 ; gain = 0.000

Starting Netlist Obfuscation Task
Netlist sorting complete. Time (s): cpu = 00:00:00 ; elapsed = 00:00:00.021 . Memory (MB): peak = 2494.719 ; gain = 0.000
Ending Netlist Obfuscation Task | Checksum: 11eb27b90

Time (s): cpu = 00:00:00 ; elapsed = 00:00:00.029 . Memory (MB): peak = 2494.719 ; gain = 0.000
INFO: [Common 17-83] Releasing license: Implementation
29 Infos, 0 Warnings, 2 Critical Warnings and 0 Errors encountered.
opt_design completed successfully
opt_design: Time (s): cpu = 00:00:22 ; elapsed = 00:00:14 . Memory (MB): peak = 2494.719 ; gain = 1141.184
INFO: [Vivado 12-24828] Executing command : report_drc -file student_top_drc_opted.rpt -pb student_top_drc_opted.pb -rpx student_top_drc_opted.rpx
Command: report_drc -file student_top_drc_opted.rpt -pb student_top_drc_opted.pb -rpx student_top_drc_opted.rpx
INFO: [IP_Flow 19-1839] IP Catalog is up to date.
INFO: [DRC 23-27] Running DRC with 12 threads
INFO: [Vivado_Tcl 2-168] The results of DRC are in file D:/26work/JYD2025_Contest-Template/digital_twin.runs/impl_1/student_top_drc_opted.rpt.
report_drc completed successfully
INFO: [Timing 38-480] Writing timing data to binary archive.
Write ShapeDB Complete: Time (s): cpu = 00:00:01 ; elapsed = 00:00:00.176 . Memory (MB): peak = 2494.719 ; gain = 0.000
INFO: [Common 17-1381] The checkpoint 'D:/26work/JYD2025_Contest-Template/digital_twin.runs/impl_1/student_top_opt.dcp' has been generated.
Command: place_design
Attempting to get a license for feature 'Implementation' and/or device 'xc7k325t'
INFO: [Common 17-349] Got license for feature 'Implementation' and/or device 'xc7k325t'
INFO: [Common 17-83] Releasing license: Implementation
INFO: [DRC 23-27] Running DRC with 12 threads
INFO: [Vivado_Tcl 4-198] DRC finished with 0 Errors
INFO: [Vivado_Tcl 4-199] Please refer to the DRC report (report_drc) for more information.
Running DRC as a precondition to command place_design
INFO: [DRC 23-27] Running DRC with 12 threads
INFO: [Vivado_Tcl 4-198] DRC finished with 0 Errors
INFO: [Vivado_Tcl 4-199] Please refer to the DRC report (report_drc) for more information.
INFO: [Place 30-611] Multithreading enabled for place_design using a maximum of 12 CPUs

Starting Placer Task

Phase 1 Placer Initialization

Phase 1.1 Placer Initialization Netlist Sorting
Netlist sorting complete. Time (s): cpu = 00:00:00 ; elapsed = 00:00:00.022 . Memory (MB): peak = 2494.719 ; gain = 0.000
Phase 1.1 Placer Initialization Netlist Sorting | Checksum: e850ed69

Time (s): cpu = 00:00:00 ; elapsed = 00:00:00.034 . Memory (MB): peak = 2494.719 ; gain = 0.000
Netlist sorting complete. Time (s): cpu = 00:00:00 ; elapsed = 00:00:00.024 . Memory (MB): peak = 2494.719 ; gain = 0.000

Phase 1.2 IO Placement/ Clock Placement/ Build Placer Device
INFO: [Timing 38-35] Done setting XDC timing constraints.
Phase 1.2 IO Placement/ Clock Placement/ Build Placer Device | Checksum: 101f70fe4

Time (s): cpu = 00:00:10 ; elapsed = 00:00:04 . Memory (MB): peak = 2520.539 ; gain = 25.820

Phase 1.3 Build Placer Netlist Model
Phase 1.3 Build Placer Netlist Model | Checksum: 1e9943882

Time (s): cpu = 00:00:39 ; elapsed = 00:00:21 . Memory (MB): peak = 3115.539 ; gain = 620.820

Phase 1.4 Constrain Clocks/Macros
Phase 1.4 Constrain Clocks/Macros | Checksum: 1e9943882

Time (s): cpu = 00:00:40 ; elapsed = 00:00:21 . Memory (MB): peak = 3115.539 ; gain = 620.820
Phase 1 Placer Initialization | Checksum: 1e9943882

Time (s): cpu = 00:00:40 ; elapsed = 00:00:22 . Memory (MB): peak = 3115.539 ; gain = 620.820

Phase 2 Global Placement

Phase 2.1 Floorplanning
Phase 2.1 Floorplanning | Checksum: 1f0e26618

Time (s): cpu = 00:00:51 ; elapsed = 00:00:26 . Memory (MB): peak = 3115.539 ; gain = 620.820

Phase 2.2 Update Timing before SLR Path Opt
Phase 2.2 Update Timing before SLR Path Opt | Checksum: 1e0f68924

Time (s): cpu = 00:01:01 ; elapsed = 00:00:31 . Memory (MB): peak = 3115.539 ; gain = 620.820

Phase 2.3 Post-Processing in Floorplanning
Phase 2.3 Post-Processing in Floorplanning | Checksum: 1e0f68924

Time (s): cpu = 00:01:02 ; elapsed = 00:00:31 . Memory (MB): peak = 3115.539 ; gain = 620.820

Phase 2.4 Global Placement Core

Phase 2.4.1 UpdateTiming Before Physical Synthesis
Phase 2.4.1 UpdateTiming Before Physical Synthesis | Checksum: 123b7fbde

Time (s): cpu = 00:01:47 ; elapsed = 00:00:56 . Memory (MB): peak = 3115.539 ; gain = 620.820

Phase 2.4.2 Physical Synthesis In Placer
INFO: [Physopt 32-1035] Found 5 LUTNM shape to break, 82 LUT instances to create LUTNM shape
INFO: [Physopt 32-1044] Break lutnm for timing: one critical 2, two critical 3, total 5, new lutff created 0
INFO: [Physopt 32-1138] End 1 Pass. Optimized 41 nets or LUTs. Breaked 5 LUTs, combined 36 existing LUTs and moved 0 existing LUT
INFO: [Physopt 32-1132] Very high fanout net 'Core_cpu/Core_cpu1/ex_mem_inst/d[31]' is not considered as a candidate in VHFN optimzation. The fanout considered for this optimization is changed from 1024 to 257 due to a timing constraint that prevent optimization on all of the loads. To force replication, set the FORCE_MAX_FANOUT property on the net to a number less than 257.
INFO: [Physopt 32-1132] Very high fanout net 'Core_cpu/Core_cpu1/ex_mem_inst/d[22]' is not considered as a candidate in VHFN optimzation. The fanout considered for this optimization is changed from 1024 to 257 due to a timing constraint that prevent optimization on all of the loads. To force replication, set the FORCE_MAX_FANOUT property on the net to a number less than 257.
INFO: [Physopt 32-1132] Very high fanout net 'Core_cpu/Core_cpu1/ex_mem_inst/d[21]' is not considered as a candidate in VHFN optimzation. The fanout considered for this optimization is changed from 1024 to 257 due to a timing constraint that prevent optimization on all of the loads. To force replication, set the FORCE_MAX_FANOUT property on the net to a number less than 257.
INFO: [Physopt 32-1132] Very high fanout net 'Core_cpu/Core_cpu1/ex_mem_inst/d[20]' is not considered as a candidate in VHFN optimzation. The fanout considered for this optimization is changed from 1024 to 257 due to a timing constraint that prevent optimization on all of the loads. To force replication, set the FORCE_MAX_FANOUT property on the net to a number less than 257.
INFO: [Physopt 32-1132] Very high fanout net 'Core_cpu/Core_cpu1/ex_mem_inst/d[19]' is not considered as a candidate in VHFN optimzation. The fanout considered for this optimization is changed from 1024 to 257 due to a timing constraint that prevent optimization on all of the loads. To force replication, set the FORCE_MAX_FANOUT property on the net to a number less than 257.
INFO: [Physopt 32-1132] Very high fanout net 'Core_cpu/Core_cpu1/ex_mem_inst/d[18]' is not considered as a candidate in VHFN optimzation. The fanout considered for this optimization is changed from 1024 to 257 due to a timing constraint that prevent optimization on all of the loads. To force replication, set the FORCE_MAX_FANOUT property on the net to a number less than 257.
INFO: [Physopt 32-1132] Very high fanout net 'Core_cpu/Core_cpu1/ex_mem_inst/d[17]' is not considered as a candidate in VHFN optimzation. The fanout considered for this optimization is changed from 1024 to 257 due to a timing constraint that prevent optimization on all of the loads. To force replication, set the FORCE_MAX_FANOUT property on the net to a number less than 257.
INFO: [Physopt 32-1132] Very high fanout net 'Core_cpu/Core_cpu1/ex_mem_inst/d[16]' is not considered as a candidate in VHFN optimzation. The fanout considered for this optimization is changed from 1024 to 257 due to a timing constraint that prevent optimization on all of the loads. To force replication, set the FORCE_MAX_FANOUT property on the net to a number less than 257.
INFO: [Physopt 32-1132] Very high fanout net 'Core_cpu/Core_cpu1/ex_mem_inst/d[15]' is not considered as a candidate in VHFN optimzation. The fanout considered for this optimization is changed from 1024 to 257 due to a timing constraint that prevent optimization on all of the loads. To force replication, set the FORCE_MAX_FANOUT property on the net to a number less than 257.
INFO: [Physopt 32-1132] Very high fanout net 'Core_cpu/Core_cpu1/ex_mem_inst/d[14]' is not considered as a candidate in VHFN optimzation. The fanout considered for this optimization is changed from 1024 to 257 due to a timing constraint that prevent optimization on all of the loads. To force replication, set the FORCE_MAX_FANOUT property on the net to a number less than 257.
INFO: [Physopt 32-1132] Very high fanout net 'Core_cpu/Core_cpu1/ex_mem_inst/d[13]' is not considered as a candidate in VHFN optimzation. The fanout considered for this optimization is changed from 1024 to 257 due to a timing constraint that prevent optimization on all of the loads. To force replication, set the FORCE_MAX_FANOUT property on the net to a number less than 257.
INFO: [Physopt 32-1132] Very high fanout net 'Core_cpu/Core_cpu1/ex_mem_inst/d[30]' is not considered as a candidate in VHFN optimzation. The fanout considered for this optimization is changed from 1024 to 257 due to a timing constraint that prevent optimization on all of the loads. To force replication, set the FORCE_MAX_FANOUT property on the net to a number less than 257.
INFO: [Physopt 32-1132] Very high fanout net 'Core_cpu/Core_cpu1/ex_mem_inst/d[12]' is not considered as a candidate in VHFN optimzation. The fanout considered for this optimization is changed from 1024 to 257 due to a timing constraint that prevent optimization on all of the loads. To force replication, set the FORCE_MAX_FANOUT property on the net to a number less than 257.
INFO: [Physopt 32-1132] Very high fanout net 'Core_cpu/Core_cpu1/ex_mem_inst/d[11]' is not considered as a candidate in VHFN optimzation. The fanout considered for this optimization is changed from 1024 to 257 due to a timing constraint that prevent optimization on all of the loads. To force replication, set the FORCE_MAX_FANOUT property on the net to a number less than 257.
INFO: [Physopt 32-1132] Very high fanout net 'Core_cpu/Core_cpu1/ex_mem_inst/d[10]' is not considered as a candidate in VHFN optimzation. The fanout considered for this optimization is changed from 1024 to 257 due to a timing constraint that prevent optimization on all of the loads. To force replication, set the FORCE_MAX_FANOUT property on the net to a number less than 257.
INFO: [Physopt 32-1132] Very high fanout net 'Core_cpu/Core_cpu1/ex_mem_inst/d[9]' is not considered as a candidate in VHFN optimzation. The fanout considered for this optimization is changed from 1024 to 257 due to a timing constraint that prevent optimization on all of the loads. To force replication, set the FORCE_MAX_FANOUT property on the net to a number less than 257.
INFO: [Physopt 32-1132] Very high fanout net 'Core_cpu/Core_cpu1/ex_mem_inst/d[8]' is not considered as a candidate in VHFN optimzation. The fanout considered for this optimization is changed from 1024 to 257 due to a timing constraint that prevent optimization on all of the loads. To force replication, set the FORCE_MAX_FANOUT property on the net to a number less than 257.
INFO: [Physopt 32-1132] Very high fanout net 'Core_cpu/Core_cpu1/ex_mem_inst/d[7]' is not considered as a candidate in VHFN optimzation. The fanout considered for this optimization is changed from 1024 to 257 due to a timing constraint that prevent optimization on all of the loads. To force replication, set the FORCE_MAX_FANOUT property on the net to a number less than 257.
INFO: [Physopt 32-1132] Very high fanout net 'Core_cpu/Core_cpu1/ex_mem_inst/d[6]' is not considered as a candidate in VHFN optimzation. The fanout considered for this optimization is changed from 1024 to 257 due to a timing constraint that prevent optimization on all of the loads. To force replication, set the FORCE_MAX_FANOUT property on the net to a number less than 257.
INFO: [Physopt 32-1132] Very high fanout net 'Core_cpu/Core_cpu1/ex_mem_inst/d[5]' is not considered as a candidate in VHFN optimzation. The fanout considered for this optimization is changed from 1024 to 257 due to a timing constraint that prevent optimization on all of the loads. To force replication, set the FORCE_MAX_FANOUT property on the net to a number less than 257.
INFO: [Physopt 32-1132] Very high fanout net 'Core_cpu/Core_cpu1/ex_mem_inst/d[4]' is not considered as a candidate in VHFN optimzation. The fanout considered for this optimization is changed from 1024 to 257 due to a timing constraint that prevent optimization on all of the loads. To force replication, set the FORCE_MAX_FANOUT property on the net to a number less than 257.
INFO: [Physopt 32-1132] Very high fanout net 'Core_cpu/Core_cpu1/ex_mem_inst/d[3]' is not considered as a candidate in VHFN optimzation. The fanout considered for this optimization is changed from 1024 to 257 due to a timing constraint that prevent optimization on all of the loads. To force replication, set the FORCE_MAX_FANOUT property on the net to a number less than 257.
INFO: [Physopt 32-1132] Very high fanout net 'Core_cpu/Core_cpu1/ex_mem_inst/d[29]' is not considered as a candidate in VHFN optimzation. The fanout considered for this optimization is changed from 1024 to 257 due to a timing constraint that prevent optimization on all of the loads. To force replication, set the FORCE_MAX_FANOUT property on the net to a number less than 257.
INFO: [Physopt 32-1132] Very high fanout net 'Core_cpu/Core_cpu1/ex_mem_inst/d[2]' is not considered as a candidate in VHFN optimzation. The fanout considered for this optimization is changed from 1024 to 257 due to a timing constraint that prevent optimization on all of the loads. To force replication, set the FORCE_MAX_FANOUT property on the net to a number less than 257.
INFO: [Physopt 32-1132] Very high fanout net 'Core_cpu/Core_cpu1/ex_mem_inst/d[1]' is not considered as a candidate in VHFN optimzation. The fanout considered for this optimization is changed from 1024 to 257 due to a timing constraint that prevent optimization on all of the loads. To force replication, set the FORCE_MAX_FANOUT property on the net to a number less than 257.
INFO: [Physopt 32-1132] Very high fanout net 'Core_cpu/Core_cpu1/ex_mem_inst/d[0]' is not considered as a candidate in VHFN optimzation. The fanout considered for this optimization is changed from 1024 to 257 due to a timing constraint that prevent optimization on all of the loads. To force replication, set the FORCE_MAX_FANOUT property on the net to a number less than 257.
INFO: [Physopt 32-1132] Very high fanout net 'Core_cpu/Core_cpu1/ex_mem_inst/d[28]' is not considered as a candidate in VHFN optimzation. The fanout considered for this optimization is changed from 1024 to 257 due to a timing constraint that prevent optimization on all of the loads. To force replication, set the FORCE_MAX_FANOUT property on the net to a number less than 257.
INFO: [Physopt 32-1132] Very high fanout net 'Core_cpu/Core_cpu1/ex_mem_inst/d[27]' is not considered as a candidate in VHFN optimzation. The fanout considered for this optimization is changed from 1024 to 257 due to a timing constraint that prevent optimization on all of the loads. To force replication, set the FORCE_MAX_FANOUT property on the net to a number less than 257.
INFO: [Physopt 32-1132] Very high fanout net 'Core_cpu/Core_cpu1/ex_mem_inst/d[26]' is not considered as a candidate in VHFN optimzation. The fanout considered for this optimization is changed from 1024 to 257 due to a timing constraint that prevent optimization on all of the loads. To force replication, set the FORCE_MAX_FANOUT property on the net to a number less than 257.
INFO: [Physopt 32-1132] Very high fanout net 'Core_cpu/Core_cpu1/ex_mem_inst/d[25]' is not considered as a candidate in VHFN optimzation. The fanout considered for this optimization is changed from 1024 to 257 due to a timing constraint that prevent optimization on all of the loads. To force replication, set the FORCE_MAX_FANOUT property on the net to a number less than 257.
INFO: [Physopt 32-1132] Very high fanout net 'Core_cpu/Core_cpu1/ex_mem_inst/d[24]' is not considered as a candidate in VHFN optimzation. The fanout considered for this optimization is changed from 1024 to 257 due to a timing constraint that prevent optimization on all of the loads. To force replication, set the FORCE_MAX_FANOUT property on the net to a number less than 257.
INFO: [Physopt 32-1132] Very high fanout net 'Core_cpu/Core_cpu1/ex_mem_inst/d[23]' is not considered as a candidate in VHFN optimzation. The fanout considered for this optimization is changed from 1024 to 257 due to a timing constraint that prevent optimization on all of the loads. To force replication, set the FORCE_MAX_FANOUT property on the net to a number less than 257.
INFO: [Physopt 32-1408] Pass 1. Identified 16 candidate nets for high-fanout optimization.
INFO: [Physopt 32-81] Processed net Core_cpu/Core_cpu1/ex_mem_inst/Q[2]. Replicated 18 times.
INFO: [Physopt 32-81] Processed net Core_cpu/Core_cpu1/ex_mem_inst/Q[5]. Replicated 18 times.
INFO: [Physopt 32-81] Processed net Core_cpu/Core_cpu1/ex_mem_inst/Q[3]. Replicated 18 times.
INFO: [Physopt 32-81] Processed net Core_cpu/Core_cpu1/ex_mem_inst/Q[4]. Replicated 18 times.
INFO: [Physopt 32-81] Processed net Core_cpu/Core_cpu1/ex_mem_inst/Q[12]. Replicated 30 times.
INFO: [Physopt 32-81] Processed net Core_cpu/Core_cpu1/ex_mem_inst/Q[13]. Replicated 27 times.
INFO: [Physopt 32-81] Processed net Core_cpu/Core_cpu1/ex_mem_inst/Q[7]. Replicated 18 times.
INFO: [Physopt 32-81] Processed net Core_cpu/Core_cpu1/ex_mem_inst/Q[8]. Replicated 11 times.
INFO: [Physopt 32-81] Processed net Core_cpu/Core_cpu1/ex_mem_inst/Q[6]. Replicated 18 times.
INFO: [Physopt 32-81] Processed net Core_cpu/Core_cpu1/ex_mem_inst/Q[11]. Replicated 35 times.
INFO: [Physopt 32-81] Processed net Core_cpu/Core_cpu1/ex_mem_inst/Q[9]. Replicated 14 times.
INFO: [Physopt 32-81] Processed net Core_cpu/Core_cpu1/ex_mem_inst/Q[17]. Replicated 24 times.
INFO: [Physopt 32-81] Processed net Core_cpu/Core_cpu1/ex_mem_inst/Q[10]. Replicated 36 times.
INFO: [Physopt 32-81] Processed net Core_cpu/Core_cpu1/ex_mem_inst/Q[15]. Replicated 25 times.
INFO: [Physopt 32-81] Processed net Core_cpu/Core_cpu1/ex_mem_inst/Q[14]. Replicated 24 times.
INFO: [Physopt 32-81] Processed net Core_cpu/Core_cpu1/ex_mem_inst/Q[16]. Replicated 24 times.
INFO: [Physopt 32-232] Optimized 16 nets. Created 358 new instances.
INFO: [Physopt 32-775] End 1 Pass. Optimized 16 nets or cells. Created 358 new cells, deleted 0 existing cell and moved 0 existing cell
Netlist sorting complete. Time (s): cpu = 00:00:00 ; elapsed = 00:00:00.174 . Memory (MB): peak = 3115.539 ; gain = 0.000
INFO: [Physopt 32-456] No candidate cells for DSP register optimization found in the design.
INFO: [Physopt 32-775] End 2 Pass. Optimized 0 net or cell. Created 0 new cell, deleted 0 existing cell and moved 0 existing cell
INFO: [Physopt 32-1123] No candidate cells found for Shift Register to Pipeline optimization
INFO: [Physopt 32-775] End 2 Pass. Optimized 0 net or cell. Created 0 new cell, deleted 0 existing cell and moved 0 existing cell
INFO: [Physopt 32-1401] No candidate cells found for Shift Register optimization.
INFO: [Physopt 32-677] No candidate cells for Shift Register optimization found in the design
INFO: [Physopt 32-775] End 1 Pass. Optimized 0 net or cell. Created 0 new cell, deleted 0 existing cell and moved 0 existing cell
INFO: [Physopt 32-526] No candidate cells for BRAM register optimization found in the design
INFO: [Physopt 32-775] End 1 Pass. Optimized 0 net or cell. Created 0 new cell, deleted 0 existing cell and moved 0 existing cell
INFO: [Physopt 32-846] No candidate cells for URAM register optimization found in the design
INFO: [Physopt 32-775] End 1 Pass. Optimized 0 net or cell. Created 0 new cell, deleted 0 existing cell and moved 0 existing cell
INFO: [Physopt 32-846] No candidate cells for URAM register optimization found in the design
INFO: [Physopt 32-775] End 1 Pass. Optimized 0 net or cell. Created 0 new cell, deleted 0 existing cell and moved 0 existing cell
INFO: [Physopt 32-949] No candidate nets found for dynamic/static region interface net replication
INFO: [Physopt 32-775] End 1 Pass. Optimized 0 net or cell. Created 0 new cell, deleted 0 existing cell and moved 0 existing cell
Netlist sorting complete. Time (s): cpu = 00:00:00 ; elapsed = 00:00:00.034 . Memory (MB): peak = 3115.539 ; gain = 0.000

Summary of Physical Synthesis Optimizations
============================================


-----------------------------------------------------------------------------------------------------------------------------------------------------------
|  Optimization                                     |  Added Cells  |  Removed Cells  |  Optimized Cells/Nets  |  Dont Touch  |  Iterations  |  Elapsed   |
-----------------------------------------------------------------------------------------------------------------------------------------------------------
|  LUT Combining                                    |            5  |             36  |                    41  |           0  |           1  |  00:00:01  |
|  Retime                                           |            0  |              0  |                     0  |           0  |           1  |  00:00:00  |
|  Very High Fanout                                 |          358  |              0  |                    16  |           0  |           1  |  00:00:48  |
|  DSP Register                                     |            0  |              0  |                     0  |           0  |           1  |  00:00:00  |
|  Shift Register to Pipeline                       |            0  |              0  |                     0  |           0  |           1  |  00:00:00  |
|  Shift Register                                   |            0  |              0  |                     0  |           0  |           1  |  00:00:00  |
|  BRAM Register                                    |            0  |              0  |                     0  |           0  |           1  |  00:00:00  |
|  URAM Register                                    |            0  |              0  |                     0  |           0  |           1  |  00:00:00  |
|  Dynamic/Static Region Interface Net Replication  |            0  |              0  |                     0  |           0  |           1  |  00:00:00  |
|  Total                                            |          363  |             36  |                    57  |           0  |           9  |  00:00:49  |
-----------------------------------------------------------------------------------------------------------------------------------------------------------


Phase 2.4.2 Physical Synthesis In Placer | Checksum: 21f1e7827

Time (s): cpu = 00:02:45 ; elapsed = 00:01:50 . Memory (MB): peak = 3115.539 ; gain = 620.820
Phase 2.4 Global Placement Core | Checksum: 2007df55c

Time (s): cpu = 00:02:57 ; elapsed = 00:02:00 . Memory (MB): peak = 3115.539 ; gain = 620.820
Phase 2 Global Placement | Checksum: 2007df55c

Time (s): cpu = 00:02:57 ; elapsed = 00:02:00 . Memory (MB): peak = 3115.539 ; gain = 620.820

Phase 3 Detail Placement

Phase 3.1 Commit Multi Column Macros
Phase 3.1 Commit Multi Column Macros | Checksum: 1ab3b342a

Time (s): cpu = 00:03:10 ; elapsed = 00:02:04 . Memory (MB): peak = 3115.539 ; gain = 620.820

Phase 3.2 Commit Most Macros & LUTRAMs
Phase 3.2 Commit Most Macros & LUTRAMs | Checksum: 1f9a3d33d

Time (s): cpu = 00:06:34 ; elapsed = 00:04:31 . Memory (MB): peak = 3115.539 ; gain = 620.820

Phase 3.3 Area Swap Optimization
Phase 3.3 Area Swap Optimization | Checksum: 1d45b4cc1

Time (s): cpu = 00:06:36 ; elapsed = 00:04:32 . Memory (MB): peak = 3115.539 ; gain = 620.820

Phase 3.4 Pipeline Register Optimization
Phase 3.4 Pipeline Register Optimization | Checksum: 1b74966be

Time (s): cpu = 00:06:36 ; elapsed = 00:04:32 . Memory (MB): peak = 3115.539 ; gain = 620.820

Phase 3.5 Fast Optimization
Phase 3.5 Fast Optimization | Checksum: 260cad98e

Time (s): cpu = 00:07:16 ; elapsed = 00:04:44 . Memory (MB): peak = 3115.539 ; gain = 620.820

Phase 3.6 Small Shape Detail Placement
Phase 3.6 Small Shape Detail Placement | Checksum: 1500f79f2

Time (s): cpu = 00:07:24 ; elapsed = 00:04:50 . Memory (MB): peak = 3115.539 ; gain = 620.820

Phase 3.7 Re-assign LUT pins
Phase 3.7 Re-assign LUT pins | Checksum: 15b95bdb3

Time (s): cpu = 00:07:25 ; elapsed = 00:04:50 . Memory (MB): peak = 3115.539 ; gain = 620.820

Phase 3.8 Pipeline Register Optimization
Phase 3.8 Pipeline Register Optimization | Checksum: 20fb30c57

Time (s): cpu = 00:07:25 ; elapsed = 00:04:51 . Memory (MB): peak = 3115.539 ; gain = 620.820
Phase 3 Detail Placement | Checksum: 20fb30c57

Time (s): cpu = 00:07:25 ; elapsed = 00:04:51 . Memory (MB): peak = 3115.539 ; gain = 620.820

Phase 4 Post Placement Optimization and Clean-Up

Phase 4.1 Post Commit Optimization
INFO: [Timing 38-35] Done setting XDC timing constraints.

Phase 4.1.1 Post Placement Optimization
Post Placement Optimization Initialization | Checksum: 202eed925

Phase 4.1.1.1 BUFG Insertion

Starting Physical Synthesis Task

Phase 1 Physical Synthesis Initialization
INFO: [Physopt 32-721] Multithreading enabled for phys_opt_design using a maximum of 12 CPUs
INFO: [Physopt 32-619] Estimated Timing Summary | WNS=-0.163 | TNS=-1.706 |
Phase 1 Physical Synthesis Initialization | Checksum: 19e1183fc

Time (s): cpu = 00:00:07 ; elapsed = 00:00:03 . Memory (MB): peak = 3217.039 ; gain = 50.832
INFO: [Place 46-56] BUFG insertion identified 0 candidate nets. Inserted BUFG: 0, Replicated BUFG Driver: 0, Skipped due to Placement/Routing Conflicts: 0, Skipped due to Timing Degradation: 0, Skipped due to netlist editing failed: 0.
Ending Physical Synthesis Task | Checksum: 177a8dd85

Time (s): cpu = 00:00:10 ; elapsed = 00:00:05 . Memory (MB): peak = 3218.535 ; gain = 52.328
Phase 4.1.1.1 BUFG Insertion | Checksum: 202eed925

Time (s): cpu = 00:08:08 ; elapsed = 00:05:08 . Memory (MB): peak = 3218.535 ; gain = 723.816

Phase 4.1.1.2 Post Placement Timing Optimization
INFO: [Place 30-746] Post Placement Timing Summary WNS=0.511. For the most accurate timing information please run report_timing.
Phase 4.1.1.2 Post Placement Timing Optimization | Checksum: 1d82e89b3

Time (s): cpu = 00:08:11 ; elapsed = 00:05:11 . Memory (MB): peak = 3224.402 ; gain = 729.684

Time (s): cpu = 00:08:11 ; elapsed = 00:05:11 . Memory (MB): peak = 3224.402 ; gain = 729.684
Phase 4.1 Post Commit Optimization | Checksum: 1d82e89b3

Time (s): cpu = 00:08:11 ; elapsed = 00:05:11 . Memory (MB): peak = 3224.402 ; gain = 729.684

Phase 4.2 Post Placement Cleanup
Phase 4.2 Post Placement Cleanup | Checksum: 1d82e89b3

Time (s): cpu = 00:08:13 ; elapsed = 00:05:12 . Memory (MB): peak = 3224.402 ; gain = 729.684

Phase 4.3 Placer Reporting

Phase 4.3.1 Print Estimated Congestion
INFO: [Place 30-612] Post-Placement Estimated Congestion 
 ____________________________________________________
|           | Global Congestion | Short Congestion  |
| Direction | Region Size       | Region Size       |
|___________|___________________|___________________|
|      North|                1x1|                1x1|
|___________|___________________|___________________|
|      South|                1x1|                1x1|
|___________|___________________|___________________|
|       East|                1x1|                1x1|
|___________|___________________|___________________|
|       West|                1x1|                1x1|
|___________|___________________|___________________|

Phase 4.3.1 Print Estimated Congestion | Checksum: 1d82e89b3

Time (s): cpu = 00:08:13 ; elapsed = 00:05:12 . Memory (MB): peak = 3224.402 ; gain = 729.684
Phase 4.3 Placer Reporting | Checksum: 1d82e89b3

Time (s): cpu = 00:08:13 ; elapsed = 00:05:12 . Memory (MB): peak = 3224.402 ; gain = 729.684

Phase 4.4 Final Placement Cleanup
Netlist sorting complete. Time (s): cpu = 00:00:00 ; elapsed = 00:00:00.023 . Memory (MB): peak = 3224.402 ; gain = 0.000

Time (s): cpu = 00:08:13 ; elapsed = 00:05:12 . Memory (MB): peak = 3224.402 ; gain = 729.684
Phase 4 Post Placement Optimization and Clean-Up | Checksum: 1352258a2

Time (s): cpu = 00:08:14 ; elapsed = 00:05:13 . Memory (MB): peak = 3224.402 ; gain = 729.684
Ending Placer Task | Checksum: 8913ce4d

Time (s): cpu = 00:08:14 ; elapsed = 00:05:13 . Memory (MB): peak = 3224.402 ; gain = 729.684
120 Infos, 0 Warnings, 2 Critical Warnings and 0 Errors encountered.
place_design completed successfully
place_design: Time (s): cpu = 00:08:18 ; elapsed = 00:05:15 . Memory (MB): peak = 3224.402 ; gain = 729.684
INFO: [Vivado 12-24838] Running report commands "report_control_sets, report_io, report_utilization" in parallel.
Running report generation with 3 threads.
INFO: [Vivado 12-24828] Executing command : report_io -file student_top_io_placed.rpt
report_io: Time (s): cpu = 00:00:00 ; elapsed = 00:00:00.147 . Memory (MB): peak = 3224.402 ; gain = 0.000
INFO: [Vivado 12-24828] Executing command : report_control_sets -verbose -file student_top_control_sets_placed.rpt
report_control_sets: Time (s): cpu = 00:00:01 ; elapsed = 00:00:00.338 . Memory (MB): peak = 3224.402 ; gain = 0.000
INFO: [Vivado 12-24828] Executing command : report_utilization -file student_top_utilization_placed.rpt -pb student_top_utilization_placed.pb
INFO: [Timing 38-480] Writing timing data to binary archive.
Write ShapeDB Complete: Time (s): cpu = 00:00:01 ; elapsed = 00:00:00.257 . Memory (MB): peak = 3224.402 ; gain = 0.000
Wrote PlaceDB: Time (s): cpu = 00:00:06 ; elapsed = 00:00:03 . Memory (MB): peak = 3224.402 ; gain = 0.000
Wrote PulsedLatchDB: Time (s): cpu = 00:00:00 ; elapsed = 00:00:00 . Memory (MB): peak = 3224.402 ; gain = 0.000
Writing XDEF routing.
Writing XDEF routing logical nets.
Writing XDEF routing special nets.
Wrote RouteStorage: Time (s): cpu = 00:00:00 ; elapsed = 00:00:00.077 . Memory (MB): peak = 3224.402 ; gain = 0.000
Wrote Netlist Cache: Time (s): cpu = 00:00:00 ; elapsed = 00:00:00.055 . Memory (MB): peak = 3224.402 ; gain = 0.000
Wrote Device Cache: Time (s): cpu = 00:00:00 ; elapsed = 00:00:00.005 . Memory (MB): peak = 3224.402 ; gain = 0.000
Write Physdb Complete: Time (s): cpu = 00:00:06 ; elapsed = 00:00:03 . Memory (MB): peak = 3224.402 ; gain = 0.000
INFO: [Common 17-1381] The checkpoint 'D:/26work/JYD2025_Contest-Template/digital_twin.runs/impl_1/student_top_placed.dcp' has been generated.
write_checkpoint: Time (s): cpu = 00:00:17 ; elapsed = 00:00:07 . Memory (MB): peak = 3224.402 ; gain = 0.000
Command: phys_opt_design
Attempting to get a license for feature 'Implementation' and/or device 'xc7k325t'
INFO: [Common 17-349] Got license for feature 'Implementation' and/or device 'xc7k325t'

Starting Initial Update Timing Task

Time (s): cpu = 00:00:28 ; elapsed = 00:00:11 . Memory (MB): peak = 3360.484 ; gain = 136.082
INFO: [Vivado_Tcl 4-2279] Estimated Timing Summary | WNS= 0.511 | TNS= 0.000 | 
INFO: [Vivado_Tcl 4-383] Design worst setup slack (WNS) is greater than or equal to 0.000 ns. All physical synthesis setup optimizations will be skipped.
INFO: [Vivado_Tcl 4-232] No setup violation found. The netlist was not modified.
INFO: [Common 17-83] Releasing license: Implementation
131 Infos, 0 Warnings, 2 Critical Warnings and 0 Errors encountered.
phys_opt_design completed successfully
phys_opt_design: Time (s): cpu = 00:00:28 ; elapsed = 00:00:11 . Memory (MB): peak = 3360.484 ; gain = 136.082
INFO: [Timing 38-480] Writing timing data to binary archive.
Write ShapeDB Complete: Time (s): cpu = 00:00:01 ; elapsed = 00:00:00.208 . Memory (MB): peak = 3435.461 ; gain = 56.309
Wrote PlaceDB: Time (s): cpu = 00:00:06 ; elapsed = 00:00:03 . Memory (MB): peak = 3438.750 ; gain = 59.566
Wrote PulsedLatchDB: Time (s): cpu = 00:00:00 ; elapsed = 00:00:00 . Memory (MB): peak = 3438.750 ; gain = 0.000
Writing XDEF routing.
Writing XDEF routing logical nets.
Writing XDEF routing special nets.
Wrote RouteStorage: Time (s): cpu = 00:00:00 ; elapsed = 00:00:00.059 . Memory (MB): peak = 3438.750 ; gain = 0.000
Wrote Netlist Cache: Time (s): cpu = 00:00:00 ; elapsed = 00:00:00.055 . Memory (MB): peak = 3438.750 ; gain = 0.000
Wrote Device Cache: Time (s): cpu = 00:00:00 ; elapsed = 00:00:00.005 . Memory (MB): peak = 3438.750 ; gain = 0.000
Write Physdb Complete: Time (s): cpu = 00:00:06 ; elapsed = 00:00:04 . Memory (MB): peak = 3438.750 ; gain = 59.566
INFO: [Common 17-1381] The checkpoint 'D:/26work/JYD2025_Contest-Template/digital_twin.runs/impl_1/student_top_physopt.dcp' has been generated.
write_checkpoint: Time (s): cpu = 00:00:08 ; elapsed = 00:00:05 . Memory (MB): peak = 3438.750 ; gain = 78.266
Command: route_design
Attempting to get a license for feature 'Implementation' and/or device 'xc7k325t'
INFO: [Common 17-349] Got license for feature 'Implementation' and/or device 'xc7k325t'
Running DRC as a precondition to command route_design
INFO: [DRC 23-27] Running DRC with 12 threads
INFO: [Vivado_Tcl 4-198] DRC finished with 0 Errors
INFO: [Vivado_Tcl 4-199] Please refer to the DRC report (report_drc) for more information.


Starting Routing Task
INFO: [Route 35-254] Multithreading enabled for route_design using a maximum of 8 CPUs

Phase 1 Build RT Design
Checksum: PlaceDB: 172c412c ConstDB: 0 ShapeSum: 496c12d1 RouteDB: 287b7a50
Post Restoration Checksum: NetGraph: 1b579263 | NumContArr: ae37fa68 | Constraints: c2a8fa9d | Timing: c2a8fa9d
Phase 1 Build RT Design | Checksum: 24ee18205

Time (s): cpu = 00:00:49 ; elapsed = 00:00:20 . Memory (MB): peak = 3659.727 ; gain = 176.773

Phase 2 Router Initialization

Phase 2.1 Fix Topology Constraints
Phase 2.1 Fix Topology Constraints | Checksum: 24ee18205

Time (s): cpu = 00:00:50 ; elapsed = 00:00:20 . Memory (MB): peak = 3659.727 ; gain = 176.773

Phase 2.2 Pre Route Cleanup
Phase 2.2 Pre Route Cleanup | Checksum: 24ee18205

Time (s): cpu = 00:00:50 ; elapsed = 00:00:20 . Memory (MB): peak = 3659.727 ; gain = 176.773
 Number of Nodes with overlaps = 0

Phase 2.3 Update Timing
Phase 2.3 Update Timing | Checksum: 2cb8eaa3a

Time (s): cpu = 00:01:40 ; elapsed = 00:00:36 . Memory (MB): peak = 3659.727 ; gain = 176.773
INFO: [Route 35-416] Intermediate Timing Summary | WNS=0.820  | TNS=0.000  | WHS=-0.323 | THS=-14731.348|


Router Utilization Summary
  Global Vertical Routing Utilization    = 0.0177201 %
  Global Horizontal Routing Utilization  = 0.00497916 %
  Routable Net Status*
  *Does not include unroutable nets such as driverless and loadless.
  Run report_route_status for detailed report.
  Number of Failed Nets               = 21720
    (Failed Nets is the sum of unrouted and partially routed nets)
  Number of Unrouted Nets             = 21717
  Number of Partially Routed Nets     = 3
  Number of Node Overlaps             = 0

Phase 2 Router Initialization | Checksum: 2edc1a408

Time (s): cpu = 00:02:04 ; elapsed = 00:00:42 . Memory (MB): peak = 3659.727 ; gain = 176.773

Phase 3 Global Routing
Phase 3 Global Routing | Checksum: 2edc1a408

Time (s): cpu = 00:02:04 ; elapsed = 00:00:42 . Memory (MB): peak = 3659.727 ; gain = 176.773

Phase 4 Initial Routing

Phase 4.1 Initial Net Routing Pass
Phase 4.1 Initial Net Routing Pass | Checksum: 29a2d4733

Time (s): cpu = 00:03:06 ; elapsed = 00:00:59 . Memory (MB): peak = 3760.160 ; gain = 277.207
Phase 4 Initial Routing | Checksum: 29a2d4733

Time (s): cpu = 00:03:06 ; elapsed = 00:00:59 . Memory (MB): peak = 3760.160 ; gain = 277.207

Phase 5 Rip-up And Reroute

Phase 5.1 Global Iteration 0
 Number of Nodes with overlaps = 4804
 Number of Nodes with overlaps = 98
 Number of Nodes with overlaps = 5
 Number of Nodes with overlaps = 0
INFO: [Route 35-416] Intermediate Timing Summary | WNS=0.610  | TNS=0.000  | WHS=N/A    | THS=N/A    |

Phase 5.1 Global Iteration 0 | Checksum: 1d07f8644

Time (s): cpu = 00:04:03 ; elapsed = 00:01:28 . Memory (MB): peak = 4031.883 ; gain = 548.930
Phase 5 Rip-up And Reroute | Checksum: 1d07f8644

Time (s): cpu = 00:04:03 ; elapsed = 00:01:28 . Memory (MB): peak = 4031.883 ; gain = 548.930

Phase 6 Delay and Skew Optimization

Phase 6.1 Delay CleanUp

Phase 6.1.1 Update Timing
Phase 6.1.1 Update Timing | Checksum: 215b91705

Time (s): cpu = 00:04:10 ; elapsed = 00:01:30 . Memory (MB): peak = 4031.883 ; gain = 548.930
INFO: [Route 35-416] Intermediate Timing Summary | WNS=0.623  | TNS=0.000  | WHS=N/A    | THS=N/A    |

Phase 6.1 Delay CleanUp | Checksum: 215b91705

Time (s): cpu = 00:04:11 ; elapsed = 00:01:30 . Memory (MB): peak = 4031.883 ; gain = 548.930

Phase 6.2 Clock Skew Optimization
Phase 6.2 Clock Skew Optimization | Checksum: 215b91705

Time (s): cpu = 00:04:11 ; elapsed = 00:01:30 . Memory (MB): peak = 4031.883 ; gain = 548.930
Phase 6 Delay and Skew Optimization | Checksum: 215b91705

Time (s): cpu = 00:04:11 ; elapsed = 00:01:30 . Memory (MB): peak = 4031.883 ; gain = 548.930

Phase 7 Post Hold Fix

Phase 7.1 Hold Fix Iter
INFO: [Route 35-416] Intermediate Timing Summary | WNS=0.623  | TNS=0.000  | WHS=0.039  | THS=0.000  |

Phase 7.1 Hold Fix Iter | Checksum: 1be0029d3

Time (s): cpu = 00:04:20 ; elapsed = 00:01:33 . Memory (MB): peak = 4031.883 ; gain = 548.930
Phase 7 Post Hold Fix | Checksum: 1be0029d3

Time (s): cpu = 00:04:20 ; elapsed = 00:01:33 . Memory (MB): peak = 4031.883 ; gain = 548.930

Phase 8 Route finalize

Router Utilization Summary
  Global Vertical Routing Utilization    = 9.01981 %
  Global Horizontal Routing Utilization  = 8.03905 %
  Routable Net Status*
  *Does not include unroutable nets such as driverless and loadless.
  Run report_route_status for detailed report.
  Number of Failed Nets               = 0
    (Failed Nets is the sum of unrouted and partially routed nets)
  Number of Unrouted Nets             = 0
  Number of Partially Routed Nets     = 0
  Number of Node Overlaps             = 0

Phase 8 Route finalize | Checksum: 1be0029d3

Time (s): cpu = 00:04:21 ; elapsed = 00:01:33 . Memory (MB): peak = 4031.883 ; gain = 548.930

Phase 9 Verifying routed nets

 Verification completed successfully
Phase 9 Verifying routed nets | Checksum: 1be0029d3

Time (s): cpu = 00:04:21 ; elapsed = 00:01:33 . Memory (MB): peak = 4031.883 ; gain = 548.930

Phase 10 Depositing Routes
Phase 10 Depositing Routes | Checksum: 1d55e664d

Time (s): cpu = 00:04:23 ; elapsed = 00:01:34 . Memory (MB): peak = 4031.883 ; gain = 548.930

Phase 11 Post Process Routing
Phase 11 Post Process Routing | Checksum: 1d55e664d

Time (s): cpu = 00:04:24 ; elapsed = 00:01:35 . Memory (MB): peak = 4031.883 ; gain = 548.930

Phase 12 Post Router Timing
INFO: [Route 35-57] Estimated Timing Summary | WNS=0.623  | TNS=0.000  | WHS=0.039  | THS=0.000  |

INFO: [Route 35-327] The final timing numbers are based on the router estimated timing analysis. For a complete and accurate timing signoff, please run report_timing_summary.
Phase 12 Post Router Timing | Checksum: 1d55e664d

Time (s): cpu = 00:04:24 ; elapsed = 00:01:35 . Memory (MB): peak = 4031.883 ; gain = 548.930
Total Elapsed time in route_design: 94.83 secs

Phase 13 Post-Route Event Processing
Phase 13 Post-Route Event Processing | Checksum: 191089c67

Time (s): cpu = 00:04:25 ; elapsed = 00:01:35 . Memory (MB): peak = 4031.883 ; gain = 548.930
INFO: [Route 35-16] Router Completed Successfully
Ending Routing Task | Checksum: 191089c67

Time (s): cpu = 00:04:26 ; elapsed = 00:01:36 . Memory (MB): peak = 4031.883 ; gain = 548.930

Routing Is Done.
INFO: [Common 17-83] Releasing license: Implementation
146 Infos, 0 Warnings, 2 Critical Warnings and 0 Errors encountered.
route_design completed successfully
route_design: Time (s): cpu = 00:04:30 ; elapsed = 00:01:38 . Memory (MB): peak = 4031.883 ; gain = 593.133
INFO: [Vivado 12-24828] Executing command : report_drc -file student_top_drc_routed.rpt -pb student_top_drc_routed.pb -rpx student_top_drc_routed.rpx
Command: report_drc -file student_top_drc_routed.rpt -pb student_top_drc_routed.pb -rpx student_top_drc_routed.rpx
INFO: [IP_Flow 19-1839] IP Catalog is up to date.
INFO: [DRC 23-27] Running DRC with 12 threads
INFO: [Vivado_Tcl 2-168] The results of DRC are in file D:/26work/JYD2025_Contest-Template/digital_twin.runs/impl_1/student_top_drc_routed.rpt.
report_drc completed successfully
INFO: [Vivado 12-24828] Executing command : report_methodology -file student_top_methodology_drc_routed.rpt -pb student_top_methodology_drc_routed.pb -rpx student_top_methodology_drc_routed.rpx
Command: report_methodology -file student_top_methodology_drc_routed.rpt -pb student_top_methodology_drc_routed.pb -rpx student_top_methodology_drc_routed.rpx
INFO: [Timing 38-35] Done setting XDC timing constraints.
INFO: [DRC 23-133] Running Methodology with 12 threads
INFO: [Vivado_Tcl 2-1520] The results of Report Methodology are in file D:/26work/JYD2025_Contest-Template/digital_twin.runs/impl_1/student_top_methodology_drc_routed.rpt.
report_methodology completed successfully
report_drc: Time (s): cpu = 00:00:46 ; elapsed = 00:00:11 . Memory (MB): peak = 4031.883 ; gain = 0.000
INFO: [Vivado 12-24828] Executing command : report_timing_summary -max_paths 10 -report_unconstrained -file student_top_timing_summary_routed.rpt -pb student_top_timing_summary_routed.pb -rpx student_top_timing_summary_routed.rpx -warn_on_violation 
INFO: [Timing 38-35] Done setting XDC timing constraints.
INFO: [Timing 38-91] UpdateTimingParams: Speed grade: -2, Delay Type: min_max.
INFO: [Timing 38-191] Multithreading enabled for timing update using a maximum of 12 CPUs
report_timing_summary: Time (s): cpu = 00:00:16 ; elapsed = 00:00:06 . Memory (MB): peak = 4031.883 ; gain = 0.000
INFO: [Vivado 12-24838] Running report commands "report_incremental_reuse, report_route_status" in parallel.
Running report generation with 2 threads.
INFO: [Vivado 12-24828] Executing command : report_incremental_reuse -file student_top_incremental_reuse_routed.rpt
INFO: [Vivado_Tcl 4-1062] Incremental flow is disabled. No incremental reuse Info to report.
INFO: [Vivado 12-24828] Executing command : report_route_status -file student_top_route_status.rpt -pb student_top_route_status.pb
INFO: [Vivado 12-24828] Executing command : report_power -file student_top_power_routed.rpt -pb student_top_power_summary_routed.pb -rpx student_top_power_routed.rpx
Command: report_power -file student_top_power_routed.rpt -pb student_top_power_summary_routed.pb -rpx student_top_power_routed.rpx
Running Vector-less Activity Propagation...

Finished Running Vector-less Activity Propagation
163 Infos, 0 Warnings, 2 Critical Warnings and 0 Errors encountered.
report_power completed successfully
report_power: Time (s): cpu = 00:00:30 ; elapsed = 00:00:11 . Memory (MB): peak = 4031.883 ; gain = 0.000
INFO: [Vivado 12-24828] Executing command : report_clock_utilization -file student_top_clock_utilization_routed.rpt
WARNING: [Device 21-9320] Failed to find the Oracle tile group with name 'HSR_BOUNDARY_TOP'. This is required for Clock regions and Virtual grid.
WARNING: [Device 21-2174] Failed to initialize Virtual grid.
INFO: [Vivado 12-24828] Executing command : report_bus_skew -warn_on_violation -file student_top_bus_skew_routed.rpt -pb student_top_bus_skew_routed.pb -rpx student_top_bus_skew_routed.rpx
INFO: [Timing 38-91] UpdateTimingParams: Speed grade: -2, Delay Type: min_max.
INFO: [Timing 38-191] Multithreading enabled for timing update using a maximum of 12 CPUs
generate_parallel_reports: Time (s): cpu = 00:01:52 ; elapsed = 00:00:33 . Memory (MB): peak = 4031.883 ; gain = 0.000
INFO: [Timing 38-480] Writing timing data to binary archive.
Write ShapeDB Complete: Time (s): cpu = 00:00:01 ; elapsed = 00:00:00.172 . Memory (MB): peak = 4031.883 ; gain = 0.000
Wrote PlaceDB: Time (s): cpu = 00:00:05 ; elapsed = 00:00:03 . Memory (MB): peak = 4031.883 ; gain = 0.000
Wrote PulsedLatchDB: Time (s): cpu = 00:00:00 ; elapsed = 00:00:00 . Memory (MB): peak = 4031.883 ; gain = 0.000
Writing XDEF routing.
Writing XDEF routing logical nets.
Writing XDEF routing special nets.
Wrote RouteStorage: Time (s): cpu = 00:00:00 ; elapsed = 00:00:00.317 . Memory (MB): peak = 4031.883 ; gain = 0.000
Wrote Netlist Cache: Time (s): cpu = 00:00:00 ; elapsed = 00:00:00.050 . Memory (MB): peak = 4031.883 ; gain = 0.000
Wrote Device Cache: Time (s): cpu = 00:00:00 ; elapsed = 00:00:00.004 . Memory (MB): peak = 4031.883 ; gain = 0.000
Write Physdb Complete: Time (s): cpu = 00:00:05 ; elapsed = 00:00:03 . Memory (MB): peak = 4031.883 ; gain = 0.000
INFO: [Common 17-1381] The checkpoint 'D:/26work/JYD2025_Contest-Template/digital_twin.runs/impl_1/student_top_routed.dcp' has been generated.
INFO: [Common 17-206] Exiting Vivado at Tue Mar 10 10:30:23 2026...
