Copyright 1986-2022 Xilinx, Inc. All Rights Reserved. Copyright 2022-2024 Advanced Micro Devices, Inc. All Rights Reserved.
---------------------------------------------------------------------------------------------------------------------------------------------
| Tool Version : Vivado v.2024.1 (win64) Build 5076996 Wed May 22 18:37:14 MDT 2024
| Date         : Wed Mar 11 08:45:05 2026
| Host         : KuonjiAlice running 64-bit major release  (build 9200)
| Command      : report_control_sets -verbose -file student_top_control_sets_placed.rpt
| Design       : student_top
| Device       : xc7k325t
---------------------------------------------------------------------------------------------------------------------------------------------

Control Set Information

Table of Contents
-----------------
1. Summary
2. Histogram
3. Flip-Flop Distribution
4. Detailed Control Set Information

1. Summary
----------

+----------------------------------------------------------+-------+
|                          Status                          | Count |
+----------------------------------------------------------+-------+
| Total control sets                                       |    46 |
|    Minimum number of control sets                        |    46 |
|    Addition due to synthesis replication                 |     0 |
|    Addition due to physical synthesis replication        |     0 |
| Unused register locations in slices containing registers |    29 |
+----------------------------------------------------------+-------+
* Control sets can be merged at opt_design using control_set_merge or merge_equivalent_drivers
** Run report_qor_suggestions for automated merging and remapping suggestions


2. Histogram
------------

+--------------------+-------+
|       Fanout       | Count |
+--------------------+-------+
| Total control sets |    46 |
| >= 0 to < 4        |     1 |
| >= 4 to < 6        |     0 |
| >= 6 to < 8        |     0 |
| >= 8 to < 10       |     4 |
| >= 10 to < 12      |     1 |
| >= 12 to < 14      |     0 |
| >= 14 to < 16      |     0 |
| >= 16              |    40 |
+--------------------+-------+
* Control sets can be remapped at either synth_design or opt_design


3. Flip-Flop Distribution
-------------------------

+--------------+-----------------------+------------------------+-----------------+--------------+
| Clock Enable | Synchronous Set/Reset | Asynchronous Set/Reset | Total Registers | Total Slices |
+--------------+-----------------------+------------------------+-----------------+--------------+
| No           | No                    | No                     |              10 |            6 |
| No           | No                    | Yes                    |               5 |            1 |
| No           | Yes                   | No                     |             291 |          135 |
| Yes          | No                    | No                     |              16 |           10 |
| Yes          | No                    | Yes                    |               0 |            0 |
| Yes          | Yes                   | No                     |            1209 |          635 |
+--------------+-----------------------+------------------------+-----------------+--------------+


4. Detailed Control Set Information
-----------------------------------

+------------------------+-------------------------------------------------------------+-----------------------------------------------------------------+------------------+----------------+--------------+
|      Clock Signal      |                        Enable Signal                        |                         Set/Reset Signal                        | Slice Load Count | Bel Load Count | Bels / Slice |
+------------------------+-------------------------------------------------------------+-----------------------------------------------------------------+------------------+----------------+--------------+
|  w_clk_50Mhz_IBUF_BUFG |                                                             |                                                                 |                1 |              1 |         1.00 |
|  w_cpu_clk_IBUF_BUFG   | Core_cpu/Core_cpu6/SegReg_EX_LS_inst/seg_wdata[23]_i_3      | Core_cpu/Core_cpu6/SegReg_ID_EX_inst/mem_access_ex_reg[2]_0     |                2 |              8 |         4.00 |
|  w_cpu_clk_IBUF_BUFG   | Core_cpu/Core_cpu6/SegReg_EX_LS_inst/seg_wdata[23]_i_3      |                                                                 |                3 |              8 |         2.67 |
|  w_cpu_clk_IBUF_BUFG   | Core_cpu/Core_cpu6/SegReg_EX_LS_inst/your_instance_name_i_9 |                                                                 |                7 |              8 |         1.14 |
|  w_cpu_clk_IBUF_BUFG   | Core_cpu/Core_cpu6/SegReg_EX_LS_inst/your_instance_name_i_9 | Core_cpu/Core_cpu6/SegReg_ID_EX_inst/mem_access_ex_reg[2]_1     |                3 |              8 |         2.67 |
|  w_cpu_clk_IBUF_BUFG   |                                                             |                                                                 |                5 |             10 |         2.00 |
|  w_clk_50Mhz_IBUF_BUFG |                                                             | bridge_inst/counter_inst/cnt_1ms[0]_i_1_n_0                     |                4 |             16 |         4.00 |
|  w_cpu_clk_IBUF_BUFG   | Core_cpu/Core_cpu6/SegReg_EX_LS_inst/seg_wdata[23]_i_3      | bridge_inst/LED[31]_i_1_n_0                                     |                3 |             16 |         5.33 |
|  w_cpu_clk_IBUF_BUFG   | Core_cpu/Core_cpu6/SegReg_EX_LS_inst/your_instance_name_i_9 | bridge_inst/seg_wdata[31]_i_1_n_0                               |                6 |             16 |         2.67 |
|  w_clk_50Mhz_IBUF_BUFG | bridge_inst/counter_inst/cnt_ms0                            | w_clk_rst_IBUF                                                  |                8 |             32 |         4.00 |
|  w_cpu_clk_IBUF_BUFG   | Core_cpu/Core_cpu6/SegReg_ID_EX_inst/mem_access_ex_reg[3]_0 | Core_cpu/Core_cpu6/SegReg_ID_EX_inst/SR[0]                      |               12 |             32 |         2.67 |
|  w_cpu_clk_IBUF_BUFG   | Core_cpu/Core_cpu6/SegReg_ID_EX_inst/mem_access_ex_reg[3]_0 | w_clk_rst_IBUF                                                  |               13 |             32 |         2.46 |
|  w_cpu_clk_IBUF_BUFG   | Core_cpu/Core_cpu6/SegReg_LS_WB_inst/E[0]                   | w_clk_rst_IBUF                                                  |               22 |             32 |         1.45 |
|  w_cpu_clk_IBUF_BUFG   | Core_cpu/Core_cpu6/SegReg_LS_WB_inst/rf_we_wb_reg[0]_18[0]  | w_clk_rst_IBUF                                                  |               11 |             32 |         2.91 |
|  w_cpu_clk_IBUF_BUFG   | Core_cpu/Core_cpu6/SegReg_LS_WB_inst/rf_we_wb_reg[0]_12[0]  | w_clk_rst_IBUF                                                  |               13 |             32 |         2.46 |
|  w_cpu_clk_IBUF_BUFG   | Core_cpu/Core_cpu6/SegReg_LS_WB_inst/rf_we_wb_reg[0]_15[0]  | w_clk_rst_IBUF                                                  |               15 |             32 |         2.13 |
|  w_cpu_clk_IBUF_BUFG   | Core_cpu/Core_cpu6/SegReg_LS_WB_inst/rf_we_wb_reg[0]_21[0]  | w_clk_rst_IBUF                                                  |               26 |             32 |         1.23 |
|  w_cpu_clk_IBUF_BUFG   | Core_cpu/Core_cpu6/SegReg_LS_WB_inst/rf_we_wb_reg[0]_24[0]  | w_clk_rst_IBUF                                                  |               17 |             32 |         1.88 |
|  w_cpu_clk_IBUF_BUFG   | Core_cpu/Core_cpu6/SegReg_LS_WB_inst/rf_we_wb_reg[0]_17[0]  | w_clk_rst_IBUF                                                  |               14 |             32 |         2.29 |
|  w_cpu_clk_IBUF_BUFG   | Core_cpu/Core_cpu6/SegReg_LS_WB_inst/rf_we_wb_reg[0]_3[0]   | w_clk_rst_IBUF                                                  |               23 |             32 |         1.39 |
|  w_cpu_clk_IBUF_BUFG   | Core_cpu/Core_cpu6/SegReg_LS_WB_inst/rf_we_wb_reg[0]_4[0]   | w_clk_rst_IBUF                                                  |               17 |             32 |         1.88 |
|  w_cpu_clk_IBUF_BUFG   | Core_cpu/Core_cpu6/SegReg_LS_WB_inst/rf_we_wb_reg[0]_5[0]   | w_clk_rst_IBUF                                                  |               14 |             32 |         2.29 |
|  w_cpu_clk_IBUF_BUFG   | Core_cpu/Core_cpu6/SegReg_LS_WB_inst/rf_we_wb_reg[0]_29[0]  | w_clk_rst_IBUF                                                  |               16 |             32 |         2.00 |
|  w_cpu_clk_IBUF_BUFG   | Core_cpu/Core_cpu6/SegReg_LS_WB_inst/rf_we_wb_reg[0]_10[0]  | w_clk_rst_IBUF                                                  |               18 |             32 |         1.78 |
|  w_cpu_clk_IBUF_BUFG   | Core_cpu/Core_cpu6/SegReg_LS_WB_inst/rf_we_wb_reg[0]_9[0]   | w_clk_rst_IBUF                                                  |               19 |             32 |         1.68 |
|  w_cpu_clk_IBUF_BUFG   | Core_cpu/Core_cpu6/SegReg_LS_WB_inst/rf_we_wb_reg[0]_0[0]   | w_clk_rst_IBUF                                                  |               22 |             32 |         1.45 |
|  w_cpu_clk_IBUF_BUFG   | Core_cpu/Core_cpu6/SegReg_LS_WB_inst/rf_we_wb_reg[0]_11[0]  | w_clk_rst_IBUF                                                  |               20 |             32 |         1.60 |
|  w_cpu_clk_IBUF_BUFG   | Core_cpu/Core_cpu6/SegReg_LS_WB_inst/rf_we_wb_reg[0]_2[0]   | w_clk_rst_IBUF                                                  |               20 |             32 |         1.60 |
|  w_cpu_clk_IBUF_BUFG   | Core_cpu/Core_cpu6/SegReg_LS_WB_inst/rf_we_wb_reg[0]_1[0]   | w_clk_rst_IBUF                                                  |               24 |             32 |         1.33 |
|  w_cpu_clk_IBUF_BUFG   | Core_cpu/Core_cpu6/SegReg_LS_WB_inst/rf_we_wb_reg[0]_19[0]  | w_clk_rst_IBUF                                                  |               15 |             32 |         2.13 |
|  w_cpu_clk_IBUF_BUFG   | Core_cpu/Core_cpu6/SegReg_LS_WB_inst/rf_we_wb_reg[0]_22[0]  | w_clk_rst_IBUF                                                  |               25 |             32 |         1.28 |
|  w_cpu_clk_IBUF_BUFG   | Core_cpu/Core_cpu6/SegReg_LS_WB_inst/rf_we_wb_reg[0]_23[0]  | w_clk_rst_IBUF                                                  |               22 |             32 |         1.45 |
|  w_cpu_clk_IBUF_BUFG   | Core_cpu/Core_cpu6/SegReg_LS_WB_inst/rf_we_wb_reg[0]_20[0]  | w_clk_rst_IBUF                                                  |               14 |             32 |         2.29 |
|  w_cpu_clk_IBUF_BUFG   | Core_cpu/Core_cpu6/SegReg_LS_WB_inst/rf_we_wb_reg[0]_25[0]  | w_clk_rst_IBUF                                                  |               20 |             32 |         1.60 |
|  w_cpu_clk_IBUF_BUFG   | Core_cpu/Core_cpu6/SegReg_LS_WB_inst/rf_we_wb_reg[0]_26[0]  | w_clk_rst_IBUF                                                  |               15 |             32 |         2.13 |
|  w_cpu_clk_IBUF_BUFG   | Core_cpu/Core_cpu6/SegReg_LS_WB_inst/rf_we_wb_reg[0]_27[0]  | w_clk_rst_IBUF                                                  |               20 |             32 |         1.60 |
|  w_cpu_clk_IBUF_BUFG   | Core_cpu/Core_cpu6/SegReg_LS_WB_inst/rf_we_wb_reg[0]_6[0]   | w_clk_rst_IBUF                                                  |               23 |             32 |         1.39 |
|  w_cpu_clk_IBUF_BUFG   | Core_cpu/Core_cpu6/SegReg_LS_WB_inst/rf_we_wb_reg[0]_14[0]  | w_clk_rst_IBUF                                                  |               13 |             32 |         2.46 |
|  w_cpu_clk_IBUF_BUFG   | Core_cpu/Core_cpu6/SegReg_LS_WB_inst/rf_we_wb_reg[0]_16[0]  | w_clk_rst_IBUF                                                  |               18 |             32 |         1.78 |
|  w_cpu_clk_IBUF_BUFG   | Core_cpu/Core_cpu6/SegReg_LS_WB_inst/rf_we_wb_reg[0]_28[0]  | w_clk_rst_IBUF                                                  |               13 |             32 |         2.46 |
|  w_cpu_clk_IBUF_BUFG   | Core_cpu/Core_cpu6/SegReg_LS_WB_inst/rf_we_wb_reg[0]_7[0]   | w_clk_rst_IBUF                                                  |               18 |             32 |         1.78 |
|  w_cpu_clk_IBUF_BUFG   | Core_cpu/Core_cpu6/SegReg_LS_WB_inst/rf_we_wb_reg[0]_8[0]   | w_clk_rst_IBUF                                                  |               18 |             32 |         1.78 |
|  w_cpu_clk_IBUF_BUFG   | Core_cpu/Core_cpu6/SegReg_LS_WB_inst/rf_we_wb_reg[0]_13[0]  | w_clk_rst_IBUF                                                  |               18 |             32 |         1.78 |
|  w_cpu_clk_IBUF_BUFG   | Core_cpu/Core_cpu6/SegReg_ID_EX_inst/mem_access_ex_reg[3]_0 | Core_cpu/Core_cpu6/SegReg_ID_EX_inst/branch_taken_ex_reg[0]_0   |               25 |             73 |         2.92 |
|  w_cpu_clk_IBUF_BUFG   |                                                             | w_clk_rst_IBUF                                                  |               68 |            117 |         1.72 |
|  w_cpu_clk_IBUF_BUFG   |                                                             | Core_cpu/Core_cpu6/SegReg_ID_EX_inst/branch_taken_ex[0]_i_1_n_0 |               64 |            163 |         2.55 |
+------------------------+-------------------------------------------------------------+-----------------------------------------------------------------+------------------+----------------+--------------+


