INFO: [VRFC 10-2263] Analyzing SystemVerilog file "C:/Users/21186/Desktop/verify/pipeline6_if2_predict/JYD2025_Contest-Template/digital_twin.srcs/sources_1/new/counter.sv" into library xil_defaultlib
INFO: [VRFC 10-311] analyzing module counter
INFO: [VRFC 10-2263] Analyzing SystemVerilog file "C:/Users/21186/Desktop/verify/pipeline6_if2_predict/JYD2025_Contest-Template/digital_twin.srcs/sources_1/new/display_seg.sv" into library xil_defaultlib
INFO: [VRFC 10-311] analyzing module display_seg
INFO: [VRFC 10-2263] Analyzing SystemVerilog file "C:/Users/21186/Desktop/verify/pipeline6_if2_predict/JYD2025_Contest-Template/digital_twin.srcs/sources_1/new/dram_driver.sv" into library xil_defaultlib
INFO: [VRFC 10-311] analyzing module dram_driver
INFO: [VRFC 10-2263] Analyzing SystemVerilog file "C:/Users/21186/Desktop/verify/pipeline6_if2_predict/JYD2025_Contest-Template/digital_twin.srcs/sources_1/new/perip_bridge.sv" into library xil_defaultlib
INFO: [VRFC 10-311] analyzing module perip_bridge
INFO: [VRFC 10-2263] Analyzing SystemVerilog file "C:/Users/21186/Desktop/verify/pipeline6_if2_predict/JYD2025_Contest-Template/digital_twin.srcs/sources_1/new/seg7.sv" into library xil_defaultlib
INFO: [VRFC 10-311] analyzing module seg7
INFO: [VRFC 10-2263] Analyzing SystemVerilog file "C:/Users/21186/Desktop/verify/pipeline6_if2_predict/JYD2025_Contest-Template/digital_twin.srcs/sources_1/new/student_top.sv" into library xil_defaultlib
INFO: [VRFC 10-311] analyzing module student_top
INFO: [VRFC 10-2263] Analyzing SystemVerilog file "C:/Users/21186/Desktop/verify/pipeline6_if2_predict/JYD2025_Contest-Template/digital_twin.srcs/sources_1/new/twin_controller.sv" into library xil_defaultlib
INFO: [VRFC 10-311] analyzing module twin_controller
INFO: [VRFC 10-2263] Analyzing SystemVerilog file "C:/Users/21186/Desktop/verify/pipeline6_if2_predict/JYD2025_Contest-Template/digital_twin.srcs/sources_1/new/uart.sv" into library xil_defaultlib
INFO: [VRFC 10-311] analyzing module uart
INFO: [VRFC 10-2263] Analyzing SystemVerilog file "C:/Users/21186/Desktop/verify/pipeline6_if2_predict/JYD2025_Contest-Template/digital_twin.srcs/sources_1/new/top.sv" into library xil_defaultlib
INFO: [VRFC 10-311] analyzing module top
INFO: [VRFC 10-2263] Analyzing SystemVerilog file "C:/Users/21186/Desktop/verify/pipeline6_if2_predict/src/BTFN_if2_predict/myCPU.sv" into library xil_defaultlib
INFO: [VRFC 10-311] analyzing module myCPU
INFO: [VRFC 10-2263] Analyzing SystemVerilog file "C:/Users/21186/Desktop/verify/pipeline6_if2_predict/src/BTFN_if2_predict/Decode.sv" into library xil_defaultlib
INFO: [VRFC 10-311] analyzing module Decode
INFO: [VRFC 10-2263] Analyzing SystemVerilog file "C:/Users/21186/Desktop/verify/pipeline6_if2_predict/src/BTFN_if2_predict/SegReg_IF1_IF2.sv" into library xil_defaultlib
INFO: [VRFC 10-311] analyzing module SegReg_IF1_IF2
INFO: [VRFC 10-2263] Analyzing SystemVerilog file "C:/Users/21186/Desktop/verify/pipeline6_if2_predict/src/BTFN_if2_predict/SegReg_LS_WB.sv" into library xil_defaultlib
INFO: [VRFC 10-311] analyzing module SegReg_LS_WB
INFO: [VRFC 10-2263] Analyzing SystemVerilog file "C:/Users/21186/Desktop/verify/pipeline6_if2_predict/src/BTFN_if2_predict/SegReg_EX_LS.sv" into library xil_defaultlib
INFO: [VRFC 10-311] analyzing module SegReg_EX_LS
INFO: [VRFC 10-2263] Analyzing SystemVerilog file "C:/Users/21186/Desktop/verify/pipeline6_if2_predict/src/BTFN_if2_predict/SegReg_IF2_ID.sv" into library xil_defaultlib
INFO: [VRFC 10-311] analyzing module SegReg_IF2_ID
INFO: [VRFC 10-2263] Analyzing SystemVerilog file "C:/Users/21186/Desktop/verify/pipeline6_if2_predict/src/BTFN_if2_predict/Hazard.sv" into library xil_defaultlib
INFO: [VRFC 10-311] analyzing module Hazard
INFO: [VRFC 10-2263] Analyzing SystemVerilog file "C:/Users/21186/Desktop/verify/pipeline6_if2_predict/src/BTFN_if2_predict/SegReg_ID_EX.sv" into library xil_defaultlib
INFO: [VRFC 10-311] analyzing module SegReg_ID_EX
INFO: [VRFC 10-2263] Analyzing SystemVerilog file "C:/Users/21186/Desktop/verify/pipeline6_if2_predict/src/BTFN_if2_predict/CPU.sv" into library xil_defaultlib
INFO: [VRFC 10-311] analyzing module CPU
INFO: [VRFC 10-2263] Analyzing SystemVerilog file "C:/Users/21186/Desktop/verify/pipeline6_if2_predict/src/BTFN_if2_predict/Regfile.sv" into library xil_defaultlib
INFO: [VRFC 10-311] analyzing module Regfile
INFO: [VRFC 10-2263] Analyzing SystemVerilog file "C:/Users/21186/Desktop/verify/pipeline6_if2_predict/src/BTFN_if2_predict/PC.sv" into library xil_defaultlib
INFO: [VRFC 10-311] analyzing module PC
INFO: [VRFC 10-2263] Analyzing SystemVerilog file "C:/Users/21186/Desktop/verify/pipeline6_if2_predict/src/BTFN_if2_predict/Read_Ctrl.sv" into library xil_defaultlib
INFO: [VRFC 10-311] analyzing module Read_Ctrl
INFO: [VRFC 10-2263] Analyzing SystemVerilog file "C:/Users/21186/Desktop/verify/pipeline6_if2_predict/src/BTFN_if2_predict/Write_Ctrl.sv" into library xil_defaultlib
INFO: [VRFC 10-311] analyzing module Write_Ctrl
INFO: [VRFC 10-2263] Analyzing SystemVerilog file "C:/Users/21186/Desktop/verify/pipeline6_if2_predict/src/BTFN_if2_predict/ALU.sv" into library xil_defaultlib
INFO: [VRFC 10-311] analyzing module ALU
INFO: [VRFC 10-2263] Analyzing SystemVerilog file "C:/Users/21186/Desktop/verify/pipeline6_if2_predict/src/BTFN_if2_predict/Branch.sv" into library xil_defaultlib
INFO: [VRFC 10-311] analyzing module Branch
INFO: [VRFC 10-2263] Analyzing SystemVerilog file "C:/Users/21186/Desktop/verify/pipeline6_if2_predict/src/BTFN_if2_predict/config.sv" into library xil_defaultlib
INFO: [VRFC 10-2263] Analyzing SystemVerilog file "C:/Users/21186/Desktop/verify/pipeline6_if2_predict/src/BTFN_if2_predict/Mux2_1.sv" into library xil_defaultlib
INFO: [VRFC 10-311] analyzing module Mux2_1
INFO: [VRFC 10-2263] Analyzing SystemVerilog file "C:/Users/21186/Desktop/verify/pipeline6_if2_predict/src/BTFN_if2_predict/Mux4_1.sv" into library xil_defaultlib
INFO: [VRFC 10-311] analyzing module Mux4_1
INFO: [VRFC 10-2263] Analyzing SystemVerilog file "C:/Users/21186/Desktop/verify/pipeline6_if2_predict/src/BTFN_if2_predict/NPC_Mux.sv" into library xil_defaultlib
INFO: [VRFC 10-311] analyzing module NPC_Mux
