INFO: [VRFC 10-2263] Analyzing Verilog file "D:/26work/JYD2025_Contest-Template/digital_twin.gen/sources_1/ip/pll/pll_clk_wiz.v" into library xil_defaultlib
INFO: [VRFC 10-311] analyzing module pll_clk_wiz
INFO: [VRFC 10-2263] Analyzing Verilog file "D:/26work/JYD2025_Contest-Template/digital_twin.gen/sources_1/ip/pll/pll.v" into library xil_defaultlib
INFO: [VRFC 10-311] analyzing module pll
INFO: [VRFC 10-2263] Analyzing Verilog file "D:/26work/JYD2025_Contest-Template/digital_twin.gen/sources_1/ip/IROM/sim/IROM.v" into library xil_defaultlib
INFO: [VRFC 10-311] analyzing module IROM
INFO: [VRFC 10-2263] Analyzing Verilog file "D:/26work/JYD2025_Contest-Template/digital_twin.gen/sources_1/ip/DRAM/sim/DRAM.v" into library xil_defaultlib
INFO: [VRFC 10-311] analyzing module DRAM
INFO: [VRFC 10-2263] Analyzing SystemVerilog file "D:/26work/JYD2025_Contest-Template/digital_twin.srcs/sources_1/new/counter.sv" into library xil_defaultlib
INFO: [VRFC 10-311] analyzing module counter
INFO: [VRFC 10-2263] Analyzing SystemVerilog file "D:/26work/JYD2025_Contest-Template/digital_twin.srcs/sources_1/new/display_seg.sv" into library xil_defaultlib
INFO: [VRFC 10-311] analyzing module display_seg
INFO: [VRFC 10-2263] Analyzing SystemVerilog file "D:/26work/JYD2025_Contest-Template/digital_twin.srcs/sources_1/new/dram_driver.sv" into library xil_defaultlib
INFO: [VRFC 10-311] analyzing module dram_driver
INFO: [VRFC 10-2263] Analyzing SystemVerilog file "D:/26work/JYD2025_Contest-Template/digital_twin.srcs/sources_1/new/perip_bridge.sv" into library xil_defaultlib
INFO: [VRFC 10-311] analyzing module perip_bridge
INFO: [VRFC 10-2263] Analyzing SystemVerilog file "D:/26work/JYD2025_Contest-Template/digital_twin.srcs/sources_1/new/seg7.sv" into library xil_defaultlib
INFO: [VRFC 10-311] analyzing module seg7
INFO: [VRFC 10-2263] Analyzing SystemVerilog file "D:/26work/JYD2025_Contest-Template/digital_twin.srcs/sources_1/new/student_top.sv" into library xil_defaultlib
INFO: [VRFC 10-311] analyzing module student_top
INFO: [VRFC 10-2263] Analyzing SystemVerilog file "D:/26work/JYD2025_Contest-Template/digital_twin.srcs/sources_1/new/twin_controller.sv" into library xil_defaultlib
INFO: [VRFC 10-311] analyzing module twin_controller
INFO: [VRFC 10-2263] Analyzing SystemVerilog file "D:/26work/JYD2025_Contest-Template/digital_twin.srcs/sources_1/new/uart.sv" into library xil_defaultlib
INFO: [VRFC 10-311] analyzing module uart
INFO: [VRFC 10-2263] Analyzing SystemVerilog file "D:/26work/JYD2025_Contest-Template/digital_twin.srcs/sources_1/new/top.sv" into library xil_defaultlib
INFO: [VRFC 10-311] analyzing module top
INFO: [VRFC 10-2263] Analyzing SystemVerilog file "D:/26work/JYD2025_Contest-Template/pipeline5/ID_EX.sv" into library xil_defaultlib
INFO: [VRFC 10-311] analyzing module ID_EX
INFO: [VRFC 10-2263] Analyzing SystemVerilog file "D:/26work/JYD2025_Contest-Template/pipeline5/IF_ID.sv" into library xil_defaultlib
INFO: [VRFC 10-311] analyzing module IF_ID
INFO: [VRFC 10-2263] Analyzing SystemVerilog file "D:/26work/JYD2025_Contest-Template/pipeline5/ALU.sv" into library xil_defaultlib
INFO: [VRFC 10-311] analyzing module ALU
INFO: [VRFC 10-2263] Analyzing SystemVerilog file "D:/26work/JYD2025_Contest-Template/pipeline5/EX_MEM.sv" into library xil_defaultlib
INFO: [VRFC 10-311] analyzing module EX_MEM
INFO: [VRFC 10-2263] Analyzing SystemVerilog file "D:/26work/JYD2025_Contest-Template/pipeline5/MEM.sv" into library xil_defaultlib
INFO: [VRFC 10-311] analyzing module MEM
INFO: [VRFC 10-2263] Analyzing SystemVerilog file "D:/26work/JYD2025_Contest-Template/pipeline5/ACTL.sv" into library xil_defaultlib
INFO: [VRFC 10-311] analyzing module ACTL
INFO: [VRFC 10-2263] Analyzing SystemVerilog file "D:/26work/JYD2025_Contest-Template/pipeline5/IMMGEN.sv" into library xil_defaultlib
INFO: [VRFC 10-311] analyzing module IMMGEN
INFO: [VRFC 10-2263] Analyzing SystemVerilog file "D:/26work/JYD2025_Contest-Template/pipeline5/Control.sv" into library xil_defaultlib
INFO: [VRFC 10-311] analyzing module Control
INFO: [VRFC 10-2263] Analyzing SystemVerilog file "D:/26work/JYD2025_Contest-Template/pipeline5/Hazard_Detection.sv" into library xil_defaultlib
INFO: [VRFC 10-311] analyzing module Hazard_Detection
INFO: [VRFC 10-2263] Analyzing SystemVerilog file "D:/26work/JYD2025_Contest-Template/pipeline5/PC.sv" into library xil_defaultlib
INFO: [VRFC 10-311] analyzing module PC
INFO: [VRFC 10-2263] Analyzing SystemVerilog file "D:/26work/JYD2025_Contest-Template/pipeline5/myCPU.sv" into library xil_defaultlib
INFO: [VRFC 10-311] analyzing module myCPU
INFO: [VRFC 10-2263] Analyzing SystemVerilog file "D:/26work/JYD2025_Contest-Template/pipeline5/MUX3_1.sv" into library xil_defaultlib
INFO: [VRFC 10-311] analyzing module MUX3_1
INFO: [VRFC 10-2263] Analyzing SystemVerilog file "D:/26work/JYD2025_Contest-Template/pipeline5/RF.sv" into library xil_defaultlib
INFO: [VRFC 10-311] analyzing module RF
INFO: [VRFC 10-2263] Analyzing SystemVerilog file "D:/26work/JYD2025_Contest-Template/pipeline5/Forwarding.sv" into library xil_defaultlib
INFO: [VRFC 10-311] analyzing module Forwarding
INFO: [VRFC 10-2263] Analyzing SystemVerilog file "D:/26work/JYD2025_Contest-Template/pipeline5/MUX2_1.sv" into library xil_defaultlib
INFO: [VRFC 10-311] analyzing module MUX2_1
INFO: [VRFC 10-2263] Analyzing SystemVerilog file "D:/26work/JYD2025_Contest-Template/pipeline5/NPC.sv" into library xil_defaultlib
INFO: [VRFC 10-311] analyzing module NPC
INFO: [VRFC 10-2263] Analyzing SystemVerilog file "D:/26work/JYD2025_Contest-Template/pipeline5/adder.sv" into library xil_defaultlib
INFO: [VRFC 10-311] analyzing module adder
INFO: [VRFC 10-2263] Analyzing SystemVerilog file "D:/26work/JYD2025_Contest-Template/pipeline5/MEM_WB.sv" into library xil_defaultlib
INFO: [VRFC 10-311] analyzing module MEM_WB
INFO: [VRFC 10-2263] Analyzing SystemVerilog file "D:/26work/JYD2025_Contest-Template/pipeline5/myCPU1.sv" into library xil_defaultlib
INFO: [VRFC 10-311] analyzing module myCPU1
INFO: [VRFC 10-2263] Analyzing SystemVerilog file "D:/26work/JYD2025_Contest-Template/pipeline5/MUX4_1.sv" into library xil_defaultlib
INFO: [VRFC 10-311] analyzing module MUX4_1
INFO: [VRFC 10-2263] Analyzing SystemVerilog file "D:/26work/RISCV/single_SoC/single_SoC.srcs/sim_1/new/tb_trace.sv" into library xil_defaultlib
INFO: [VRFC 10-311] analyzing module tb_trace
INFO: [VRFC 10-2263] Analyzing Verilog file "D:/26work/JYD2025_Contest-Template/digital_twin.sim/sim_1/behav/xsim/glbl.v" into library xil_defaultlib
INFO: [VRFC 10-311] analyzing module glbl
