
*** Running vivado
    with args -log student_top.vds -m64 -product Vivado -mode batch -messageDb vivado.pb -notrace -source student_top.tcl



****** Vivado v2024.1 (64-bit)
  **** SW Build 5076996 on Wed May 22 18:37:14 MDT 2024
  **** IP Build 5075265 on Wed May 22 21:45:21 MDT 2024
  **** SharedData Build 5076995 on Wed May 22 18:29:18 MDT 2024
  **** Start of session at: Tue Mar 10 10:21:07 2026
    ** Copyright 1986-2022 Xilinx, Inc. All Rights Reserved.
    ** Copyright 2022-2024 Advanced Micro Devices, Inc. All Rights Reserved.

source student_top.tcl -notrace
Command: read_checkpoint -auto_incremental -incremental D:/26work/JYD2025_Contest-Template/digital_twin.srcs/utils_1/imports/synth_1/top.dcp
INFO: [Vivado 12-5825] Read reference checkpoint from D:/26work/JYD2025_Contest-Template/digital_twin.srcs/utils_1/imports/synth_1/top.dcp for incremental synthesis
INFO: [Vivado 12-7989] Please ensure there are no constraint changes
Command: synth_design -top student_top -part xc7k325tffg900-2
Starting synth_design
Attempting to get a license for feature 'Synthesis' and/or device 'xc7k325t'
INFO: [Common 17-349] Got license for feature 'Synthesis' and/or device 'xc7k325t'
WARNING: [Vivado_Tcl 4-1809] The reference checkpoint is from an old version of Vivado; A full resynthesis flow will be run
INFO: [Device 21-403] Loading part xc7k325tffg900-2
INFO: [Device 21-9227] Part: xc7k325tffg900-2 does not have CEAM library.
INFO: [Synth 8-7079] Multithreading enabled for synth_design using a maximum of 4 processes.
INFO: [Synth 8-7078] Launching helper process for spawning children vivado processes
INFO: [Synth 8-7075] Helper process launched with PID 17892
---------------------------------------------------------------------------------
Starting RTL Elaboration : Time (s): cpu = 00:00:03 ; elapsed = 00:00:03 . Memory (MB): peak = 1507.742 ; gain = 448.668
---------------------------------------------------------------------------------
INFO: [Synth 8-6157] synthesizing module 'student_top' [D:/26work/JYD2025_Contest-Template/digital_twin.srcs/sources_1/new/student_top.sv:23]
INFO: [Synth 8-6157] synthesizing module 'myCPU' [D:/26work/JYD2025_Contest-Template/pipeline5/myCPU.sv:1]
INFO: [Synth 8-6157] synthesizing module 'myCPU1' [D:/26work/JYD2025_Contest-Template/pipeline5/myCPU1.sv:22]
INFO: [Synth 8-6157] synthesizing module 'PC' [D:/26work/JYD2025_Contest-Template/pipeline5/PC.sv:22]
	Parameter DATAWIDTH bound to: 32 - type: integer 
	Parameter RESET_VAL bound to: -2147483648 - type: integer 
INFO: [Synth 8-6155] done synthesizing module 'PC' (0#1) [D:/26work/JYD2025_Contest-Template/pipeline5/PC.sv:22]
INFO: [Synth 8-6157] synthesizing module 'MUX2_1' [D:/26work/JYD2025_Contest-Template/pipeline5/MUX2_1.sv:22]
	Parameter WIDTH bound to: 32 - type: integer 
INFO: [Synth 8-6155] done synthesizing module 'MUX2_1' (0#1) [D:/26work/JYD2025_Contest-Template/pipeline5/MUX2_1.sv:22]
INFO: [Synth 8-6157] synthesizing module 'NPC' [D:/26work/JYD2025_Contest-Template/pipeline5/NPC.sv:22]
	Parameter DATAWIDTH bound to: 32 - type: integer 
INFO: [Synth 8-6157] synthesizing module 'adder' [D:/26work/JYD2025_Contest-Template/pipeline5/adder.sv:23]
	Parameter DATAWIDTH bound to: 32 - type: integer 
INFO: [Synth 8-6155] done synthesizing module 'adder' (0#1) [D:/26work/JYD2025_Contest-Template/pipeline5/adder.sv:23]
INFO: [Synth 8-6157] synthesizing module 'MUX4_1' [D:/26work/JYD2025_Contest-Template/pipeline5/MUX4_1.sv:22]
	Parameter WIDTH bound to: 32 - type: integer 
INFO: [Synth 8-226] default block is never used [D:/26work/JYD2025_Contest-Template/pipeline5/MUX4_1.sv:35]
INFO: [Synth 8-6155] done synthesizing module 'MUX4_1' (0#1) [D:/26work/JYD2025_Contest-Template/pipeline5/MUX4_1.sv:22]
INFO: [Synth 8-6155] done synthesizing module 'NPC' (0#1) [D:/26work/JYD2025_Contest-Template/pipeline5/NPC.sv:22]
INFO: [Synth 8-6157] synthesizing module 'IF_ID' [D:/26work/JYD2025_Contest-Template/pipeline5/IF_ID.sv:1]
	Parameter RESET_VAL bound to: -2147483648 - type: integer 
INFO: [Synth 8-6155] done synthesizing module 'IF_ID' (0#1) [D:/26work/JYD2025_Contest-Template/pipeline5/IF_ID.sv:1]
INFO: [Synth 8-6157] synthesizing module 'RF' [D:/26work/JYD2025_Contest-Template/pipeline5/RF.sv:22]
	Parameter ADDR_WIDTH bound to: 5 - type: integer 
	Parameter DATAWIDTH bound to: 32 - type: integer 
INFO: [Synth 8-6155] done synthesizing module 'RF' (0#1) [D:/26work/JYD2025_Contest-Template/pipeline5/RF.sv:22]
INFO: [Synth 8-6157] synthesizing module 'IMMGEN' [D:/26work/JYD2025_Contest-Template/pipeline5/IMMGEN.sv:22]
	Parameter DATAWIDTH bound to: 32 - type: integer 
INFO: [Synth 8-6155] done synthesizing module 'IMMGEN' (0#1) [D:/26work/JYD2025_Contest-Template/pipeline5/IMMGEN.sv:22]
INFO: [Synth 8-6157] synthesizing module 'Control' [D:/26work/JYD2025_Contest-Template/pipeline5/Control.sv:22]
INFO: [Synth 8-6155] done synthesizing module 'Control' (0#1) [D:/26work/JYD2025_Contest-Template/pipeline5/Control.sv:22]
INFO: [Synth 8-6157] synthesizing module 'ACTL' [D:/26work/JYD2025_Contest-Template/pipeline5/ACTL.sv:22]
INFO: [Synth 8-226] default block is never used [D:/26work/JYD2025_Contest-Template/pipeline5/ACTL.sv:31]
INFO: [Synth 8-226] default block is never used [D:/26work/JYD2025_Contest-Template/pipeline5/ACTL.sv:44]
INFO: [Synth 8-6155] done synthesizing module 'ACTL' (0#1) [D:/26work/JYD2025_Contest-Template/pipeline5/ACTL.sv:22]
INFO: [Synth 8-6157] synthesizing module 'ID_EX' [D:/26work/JYD2025_Contest-Template/pipeline5/ID_EX.sv:23]
	Parameter RESET_VAL bound to: -2147483648 - type: integer 
INFO: [Synth 8-6155] done synthesizing module 'ID_EX' (0#1) [D:/26work/JYD2025_Contest-Template/pipeline5/ID_EX.sv:23]
INFO: [Synth 8-6157] synthesizing module 'ALU' [D:/26work/JYD2025_Contest-Template/pipeline5/ALU.sv:22]
	Parameter DATAWIDTH bound to: 32 - type: integer 
INFO: [Synth 8-226] default block is never used [D:/26work/JYD2025_Contest-Template/pipeline5/ALU.sv:32]
INFO: [Synth 8-6155] done synthesizing module 'ALU' (0#1) [D:/26work/JYD2025_Contest-Template/pipeline5/ALU.sv:22]
INFO: [Synth 8-6157] synthesizing module 'Hazard_Detection' [D:/26work/JYD2025_Contest-Template/pipeline5/Hazard_Detection.sv:23]
INFO: [Synth 8-6155] done synthesizing module 'Hazard_Detection' (0#1) [D:/26work/JYD2025_Contest-Template/pipeline5/Hazard_Detection.sv:23]
INFO: [Synth 8-6157] synthesizing module 'Forwarding' [D:/26work/JYD2025_Contest-Template/pipeline5/Forwarding.sv:23]
INFO: [Synth 8-6155] done synthesizing module 'Forwarding' (0#1) [D:/26work/JYD2025_Contest-Template/pipeline5/Forwarding.sv:23]
INFO: [Synth 8-6157] synthesizing module 'EX_MEM' [D:/26work/JYD2025_Contest-Template/pipeline5/EX_MEM.sv:23]
	Parameter RESET_VAL bound to: -2147483648 - type: integer 
INFO: [Synth 8-6155] done synthesizing module 'EX_MEM' (0#1) [D:/26work/JYD2025_Contest-Template/pipeline5/EX_MEM.sv:23]
INFO: [Synth 8-6157] synthesizing module 'MEM' [D:/26work/JYD2025_Contest-Template/pipeline5/MEM.sv:1]
	Parameter DATAWIDTH bound to: 32 - type: integer 
INFO: [Synth 8-6157] synthesizing module 'MUX3_1' [D:/26work/JYD2025_Contest-Template/pipeline5/MUX3_1.sv:2]
	Parameter WIDTH bound to: 32 - type: integer 
INFO: [Synth 8-6155] done synthesizing module 'MUX3_1' (0#1) [D:/26work/JYD2025_Contest-Template/pipeline5/MUX3_1.sv:2]
INFO: [Synth 8-226] default block is never used [D:/26work/JYD2025_Contest-Template/pipeline5/MEM.sv:83]
INFO: [Synth 8-226] default block is never used [D:/26work/JYD2025_Contest-Template/pipeline5/MEM.sv:92]
INFO: [Synth 8-6155] done synthesizing module 'MEM' (0#1) [D:/26work/JYD2025_Contest-Template/pipeline5/MEM.sv:1]
INFO: [Synth 8-6157] synthesizing module 'MEM_WB' [D:/26work/JYD2025_Contest-Template/pipeline5/MEM_WB.sv:23]
	Parameter RESET_VAL bound to: -2147483648 - type: integer 
INFO: [Synth 8-6155] done synthesizing module 'MEM_WB' (0#1) [D:/26work/JYD2025_Contest-Template/pipeline5/MEM_WB.sv:23]
INFO: [Synth 8-6155] done synthesizing module 'myCPU1' (0#1) [D:/26work/JYD2025_Contest-Template/pipeline5/myCPU1.sv:22]
INFO: [Synth 8-6155] done synthesizing module 'myCPU' (0#1) [D:/26work/JYD2025_Contest-Template/pipeline5/myCPU.sv:1]
INFO: [Synth 8-6157] synthesizing module 'IROM' [D:/26work/JYD2025_Contest-Template/digital_twin.runs/synth_1/.Xil/Vivado-6896-KuonjiAlice/realtime/IROM_stub.v:6]
INFO: [Synth 8-6155] done synthesizing module 'IROM' (0#1) [D:/26work/JYD2025_Contest-Template/digital_twin.runs/synth_1/.Xil/Vivado-6896-KuonjiAlice/realtime/IROM_stub.v:6]
INFO: [Synth 8-6157] synthesizing module 'perip_bridge' [D:/26work/JYD2025_Contest-Template/digital_twin.srcs/sources_1/new/perip_bridge.sv:22]
INFO: [Synth 8-155] case statement is not full and has no default [D:/26work/JYD2025_Contest-Template/digital_twin.srcs/sources_1/new/perip_bridge.sv:56]
INFO: [Synth 8-6157] synthesizing module 'display_seg' [D:/26work/JYD2025_Contest-Template/digital_twin.srcs/sources_1/new/display_seg.sv:23]
INFO: [Synth 8-6157] synthesizing module 'seg7' [D:/26work/JYD2025_Contest-Template/digital_twin.srcs/sources_1/new/seg7.sv:23]
INFO: [Synth 8-226] default block is never used [D:/26work/JYD2025_Contest-Template/digital_twin.srcs/sources_1/new/seg7.sv:29]
INFO: [Synth 8-6155] done synthesizing module 'seg7' (0#1) [D:/26work/JYD2025_Contest-Template/digital_twin.srcs/sources_1/new/seg7.sv:23]
INFO: [Synth 8-6155] done synthesizing module 'display_seg' (0#1) [D:/26work/JYD2025_Contest-Template/digital_twin.srcs/sources_1/new/display_seg.sv:23]
INFO: [Synth 8-6157] synthesizing module 'dram_driver' [D:/26work/JYD2025_Contest-Template/digital_twin.srcs/sources_1/new/dram_driver.sv:23]
INFO: [Synth 8-6157] synthesizing module 'DRAM' [D:/26work/JYD2025_Contest-Template/digital_twin.runs/synth_1/.Xil/Vivado-6896-KuonjiAlice/realtime/DRAM_stub.v:6]
INFO: [Synth 8-6155] done synthesizing module 'DRAM' (0#1) [D:/26work/JYD2025_Contest-Template/digital_twin.runs/synth_1/.Xil/Vivado-6896-KuonjiAlice/realtime/DRAM_stub.v:6]
INFO: [Synth 8-6155] done synthesizing module 'dram_driver' (0#1) [D:/26work/JYD2025_Contest-Template/digital_twin.srcs/sources_1/new/dram_driver.sv:23]
INFO: [Synth 8-6157] synthesizing module 'counter' [D:/26work/JYD2025_Contest-Template/digital_twin.srcs/sources_1/new/counter.sv:23]
INFO: [Synth 8-6155] done synthesizing module 'counter' (0#1) [D:/26work/JYD2025_Contest-Template/digital_twin.srcs/sources_1/new/counter.sv:23]
INFO: [Synth 8-6155] done synthesizing module 'perip_bridge' (0#1) [D:/26work/JYD2025_Contest-Template/digital_twin.srcs/sources_1/new/perip_bridge.sv:22]
INFO: [Synth 8-6155] done synthesizing module 'student_top' (0#1) [D:/26work/JYD2025_Contest-Template/digital_twin.srcs/sources_1/new/student_top.sv:23]
WARNING: [Synth 8-87] always_comb on 'Result_reg' did not result in combinational logic [D:/26work/JYD2025_Contest-Template/pipeline5/ALU.sv:33]
WARNING: [Synth 8-87] always_comb on 'isTrue_reg' did not result in combinational logic [D:/26work/JYD2025_Contest-Template/pipeline5/ALU.sv:42]
WARNING: [Synth 8-7129] Port funct[3] in module Control is either unconnected or has no load
---------------------------------------------------------------------------------
Finished RTL Elaboration : Time (s): cpu = 00:00:04 ; elapsed = 00:00:04 . Memory (MB): peak = 1627.402 ; gain = 568.328
---------------------------------------------------------------------------------
---------------------------------------------------------------------------------
Start Handling Custom Attributes
---------------------------------------------------------------------------------
---------------------------------------------------------------------------------
Finished Handling Custom Attributes : Time (s): cpu = 00:00:04 ; elapsed = 00:00:05 . Memory (MB): peak = 1627.402 ; gain = 568.328
---------------------------------------------------------------------------------
---------------------------------------------------------------------------------
Finished RTL Optimization Phase 1 : Time (s): cpu = 00:00:04 ; elapsed = 00:00:05 . Memory (MB): peak = 1627.402 ; gain = 568.328
---------------------------------------------------------------------------------
Netlist sorting complete. Time (s): cpu = 00:00:00 ; elapsed = 00:00:00.026 . Memory (MB): peak = 1627.402 ; gain = 0.000
INFO: [Project 1-570] Preparing netlist for logic optimization

Processing XDC Constraints
Initializing timing engine
Parsing XDC File [d:/26work/JYD2025_Contest-Template/digital_twin.gen/sources_1/ip/IROM/IROM/IROM_in_context.xdc] for cell 'Mem_IROM'
Finished Parsing XDC File [d:/26work/JYD2025_Contest-Template/digital_twin.gen/sources_1/ip/IROM/IROM/IROM_in_context.xdc] for cell 'Mem_IROM'
Parsing XDC File [d:/26work/JYD2025_Contest-Template/digital_twin.gen/sources_1/ip/DRAM/DRAM/DRAM_in_context.xdc] for cell 'bridge_inst/dram_driver_inst/Mem_DRAM'
Finished Parsing XDC File [d:/26work/JYD2025_Contest-Template/digital_twin.gen/sources_1/ip/DRAM/DRAM/DRAM_in_context.xdc] for cell 'bridge_inst/dram_driver_inst/Mem_DRAM'
Parsing XDC File [D:/26work/JYD2025_Contest-Template/digital_twin.srcs/constrs_1/new/sta.xdc]
Finished Parsing XDC File [D:/26work/JYD2025_Contest-Template/digital_twin.srcs/constrs_1/new/sta.xdc]
Completed Processing XDC Constraints

Netlist sorting complete. Time (s): cpu = 00:00:00 ; elapsed = 00:00:00.001 . Memory (MB): peak = 1732.902 ; gain = 0.000
INFO: [Project 1-111] Unisim Transformation Summary:
No Unisim elements were transformed.

Constraint Validation Runtime : Time (s): cpu = 00:00:00 ; elapsed = 00:00:00.020 . Memory (MB): peak = 1732.902 ; gain = 0.000
WARNING: [Timing 38-316] Clock period '20.000' specified during out-of-context synthesis of instance 'bridge_inst/dram_driver_inst/Mem_DRAM' at clock pin 'clk' is different from the actual clock period '9.840', this can lead to different synthesis results.
---------------------------------------------------------------------------------
Finished Constraint Validation : Time (s): cpu = 00:00:10 ; elapsed = 00:00:10 . Memory (MB): peak = 1733.348 ; gain = 674.273
---------------------------------------------------------------------------------
---------------------------------------------------------------------------------
Start Loading Part and Timing Information
---------------------------------------------------------------------------------
Loading part: xc7k325tffg900-2
---------------------------------------------------------------------------------
Finished Loading Part and Timing Information : Time (s): cpu = 00:00:10 ; elapsed = 00:00:10 . Memory (MB): peak = 1733.348 ; gain = 674.273
---------------------------------------------------------------------------------
---------------------------------------------------------------------------------
Start Applying 'set_property' XDC Constraints
---------------------------------------------------------------------------------
Applied set_property KEEP_HIERARCHY = SOFT for Mem_IROM. (constraint file  auto generated constraint).
Applied set_property KEEP_HIERARCHY = SOFT for bridge_inst/dram_driver_inst/Mem_DRAM. (constraint file  auto generated constraint).
---------------------------------------------------------------------------------
Finished applying 'set_property' XDC Constraints : Time (s): cpu = 00:00:10 ; elapsed = 00:00:10 . Memory (MB): peak = 1733.348 ; gain = 674.273
---------------------------------------------------------------------------------
WARNING: [Synth 8-327] inferring latch for variable 'Result_reg' [D:/26work/JYD2025_Contest-Template/pipeline5/ALU.sv:33]
WARNING: [Synth 8-327] inferring latch for variable 'isTrue_reg' [D:/26work/JYD2025_Contest-Template/pipeline5/ALU.sv:42]
---------------------------------------------------------------------------------
Finished RTL Optimization Phase 2 : Time (s): cpu = 00:00:10 ; elapsed = 00:00:10 . Memory (MB): peak = 1733.348 ; gain = 674.273
---------------------------------------------------------------------------------
---------------------------------------------------------------------------------
Start RTL Component Statistics 
---------------------------------------------------------------------------------
Detailed RTL Component Info : 
+---Adders : 
	   2 Input   32 Bit       Adders := 4     
	   3 Input   32 Bit       Adders := 1     
	   2 Input    5 Bit       Adders := 1     
+---XORs : 
	   2 Input     32 Bit         XORs := 1     
+---Registers : 
	               32 Bit    Registers := 55    
	                5 Bit    Registers := 7     
	                4 Bit    Registers := 1     
	                2 Bit    Registers := 8     
	                1 Bit    Registers := 18    
+---Muxes : 
	   2 Input   32 Bit        Muxes := 12    
	   4 Input   32 Bit        Muxes := 9     
	   2 Input   16 Bit        Muxes := 2     
	   4 Input    8 Bit        Muxes := 2     
	   2 Input    8 Bit        Muxes := 1     
	   8 Input    4 Bit        Muxes := 2     
	   7 Input    4 Bit        Muxes := 1     
	   2 Input    4 Bit        Muxes := 4     
	   2 Input    3 Bit        Muxes := 2     
	   4 Input    2 Bit        Muxes := 1     
	   2 Input    2 Bit        Muxes := 2     
	   5 Input    2 Bit        Muxes := 1     
	   2 Input    1 Bit        Muxes := 41    
	  16 Input    1 Bit        Muxes := 2     
---------------------------------------------------------------------------------
Finished RTL Component Statistics 
---------------------------------------------------------------------------------
---------------------------------------------------------------------------------
Start Part Resource Summary
---------------------------------------------------------------------------------
Part Resources:
DSPs: 840 (col length:140)
BRAMs: 890 (col length: RAMB18 140 RAMB36 70)
---------------------------------------------------------------------------------
Finished Part Resource Summary
---------------------------------------------------------------------------------
---------------------------------------------------------------------------------
Start Cross Boundary and Area Optimization
---------------------------------------------------------------------------------
WARNING: [Synth 8-7080] Parallel synthesis criteria is not met
WARNING: [Synth 8-3917] design student_top has port virtual_seg[37] driven by constant 0
WARNING: [Synth 8-3917] design student_top has port virtual_seg[27] driven by constant 0
WARNING: [Synth 8-3917] design student_top has port virtual_seg[17] driven by constant 0
WARNING: [Synth 8-3917] design student_top has port virtual_seg[7] driven by constant 0
WARNING: [Synth 8-7129] Port funct[3] in module Control is either unconnected or has no load
---------------------------------------------------------------------------------
Finished Cross Boundary and Area Optimization : Time (s): cpu = 00:00:15 ; elapsed = 00:00:16 . Memory (MB): peak = 1733.348 ; gain = 674.273
---------------------------------------------------------------------------------
---------------------------------------------------------------------------------
Start Applying XDC Timing Constraints
---------------------------------------------------------------------------------
---------------------------------------------------------------------------------
Finished Applying XDC Timing Constraints : Time (s): cpu = 00:00:19 ; elapsed = 00:00:20 . Memory (MB): peak = 1733.348 ; gain = 674.273
---------------------------------------------------------------------------------
---------------------------------------------------------------------------------
Start Timing Optimization
---------------------------------------------------------------------------------
---------------------------------------------------------------------------------
Finished Timing Optimization : Time (s): cpu = 00:00:20 ; elapsed = 00:00:21 . Memory (MB): peak = 1733.348 ; gain = 674.273
---------------------------------------------------------------------------------
---------------------------------------------------------------------------------
Start Technology Mapping
---------------------------------------------------------------------------------
---------------------------------------------------------------------------------
Finished Technology Mapping : Time (s): cpu = 00:00:21 ; elapsed = 00:00:22 . Memory (MB): peak = 1733.348 ; gain = 674.273
---------------------------------------------------------------------------------
---------------------------------------------------------------------------------
Start IO Insertion
---------------------------------------------------------------------------------
---------------------------------------------------------------------------------
Start Flattening Before IO Insertion
---------------------------------------------------------------------------------
---------------------------------------------------------------------------------
Finished Flattening Before IO Insertion
---------------------------------------------------------------------------------
---------------------------------------------------------------------------------
Start Final Netlist Cleanup
---------------------------------------------------------------------------------
---------------------------------------------------------------------------------
Finished Final Netlist Cleanup
---------------------------------------------------------------------------------
---------------------------------------------------------------------------------
Finished IO Insertion : Time (s): cpu = 00:00:24 ; elapsed = 00:00:25 . Memory (MB): peak = 1733.348 ; gain = 674.273
---------------------------------------------------------------------------------
---------------------------------------------------------------------------------
Start Renaming Generated Instances
---------------------------------------------------------------------------------
---------------------------------------------------------------------------------
Finished Renaming Generated Instances : Time (s): cpu = 00:00:24 ; elapsed = 00:00:25 . Memory (MB): peak = 1733.348 ; gain = 674.273
---------------------------------------------------------------------------------
---------------------------------------------------------------------------------
Start Rebuilding User Hierarchy
---------------------------------------------------------------------------------
---------------------------------------------------------------------------------
Finished Rebuilding User Hierarchy : Time (s): cpu = 00:00:24 ; elapsed = 00:00:25 . Memory (MB): peak = 1733.348 ; gain = 674.273
---------------------------------------------------------------------------------
---------------------------------------------------------------------------------
Start Renaming Generated Ports
---------------------------------------------------------------------------------
---------------------------------------------------------------------------------
Finished Renaming Generated Ports : Time (s): cpu = 00:00:24 ; elapsed = 00:00:25 . Memory (MB): peak = 1733.348 ; gain = 674.273
---------------------------------------------------------------------------------
---------------------------------------------------------------------------------
Start Handling Custom Attributes
---------------------------------------------------------------------------------
---------------------------------------------------------------------------------
Finished Handling Custom Attributes : Time (s): cpu = 00:00:24 ; elapsed = 00:00:25 . Memory (MB): peak = 1733.348 ; gain = 674.273
---------------------------------------------------------------------------------
---------------------------------------------------------------------------------
Start Renaming Generated Nets
---------------------------------------------------------------------------------
---------------------------------------------------------------------------------
Finished Renaming Generated Nets : Time (s): cpu = 00:00:24 ; elapsed = 00:00:25 . Memory (MB): peak = 1733.348 ; gain = 674.273
---------------------------------------------------------------------------------
---------------------------------------------------------------------------------
Start Writing Synthesis Report
---------------------------------------------------------------------------------

Report BlackBoxes: 
+------+--------------+----------+
|      |BlackBox name |Instances |
+------+--------------+----------+
|1     |IROM          |         1|
|2     |DRAM          |         1|
+------+--------------+----------+

Report Cell Usage: 
+------+-------+------+
|      |Cell   |Count |
+------+-------+------+
|1     |DRAM   |     1|
|2     |IROM   |     1|
|3     |BUFG   |     3|
|4     |CARRY4 |    70|
|5     |LUT1   |    35|
|6     |LUT2   |    91|
|7     |LUT3   |   110|
|8     |LUT4   |   337|
|9     |LUT5   |   191|
|10    |LUT6   |  1104|
|11    |MUXF7  |   256|
|12    |MUXF8  |   128|
|13    |FDCE   |     5|
|14    |FDRE   |  1701|
|15    |FDSE   |     3|
|16    |LD     |    33|
|17    |IBUF   |    75|
|18    |OBUF   |    72|
+------+-------+------+
---------------------------------------------------------------------------------
Finished Writing Synthesis Report : Time (s): cpu = 00:00:24 ; elapsed = 00:00:25 . Memory (MB): peak = 1733.348 ; gain = 674.273
---------------------------------------------------------------------------------
Synthesis finished with 0 errors, 0 critical warnings and 8 warnings.
Synthesis Optimization Runtime : Time (s): cpu = 00:00:18 ; elapsed = 00:00:23 . Memory (MB): peak = 1733.348 ; gain = 568.328
Synthesis Optimization Complete : Time (s): cpu = 00:00:24 ; elapsed = 00:00:25 . Memory (MB): peak = 1733.348 ; gain = 674.273
INFO: [Project 1-571] Translating synthesized netlist
Netlist sorting complete. Time (s): cpu = 00:00:00 ; elapsed = 00:00:00.027 . Memory (MB): peak = 1733.348 ; gain = 0.000
INFO: [Netlist 29-17] Analyzing 487 Unisim elements for replacement
INFO: [Netlist 29-28] Unisim Transformation completed in 0 CPU seconds
INFO: [Project 1-570] Preparing netlist for logic optimization
INFO: [Opt 31-138] Pushed 0 inverter(s) to 0 load pin(s).
Netlist sorting complete. Time (s): cpu = 00:00:00 ; elapsed = 00:00:00 . Memory (MB): peak = 1740.367 ; gain = 0.000
INFO: [Project 1-111] Unisim Transformation Summary:
  A total of 33 instances were transformed.
  LD => LDCE: 33 instances

Synth Design complete | Checksum: 511531fe
INFO: [Common 17-83] Releasing license: Synthesis
81 Infos, 13 Warnings, 0 Critical Warnings and 0 Errors encountered.
synth_design completed successfully
synth_design: Time (s): cpu = 00:00:30 ; elapsed = 00:00:31 . Memory (MB): peak = 1740.367 ; gain = 1146.984
Write ShapeDB Complete: Time (s): cpu = 00:00:00 ; elapsed = 00:00:00.007 . Memory (MB): peak = 1740.367 ; gain = 0.000
INFO: [Common 17-1381] The checkpoint 'D:/26work/JYD2025_Contest-Template/digital_twin.runs/synth_1/student_top.dcp' has been generated.
INFO: [Vivado 12-24828] Executing command : report_utilization -file student_top_utilization_synth.rpt -pb student_top_utilization_synth.pb
INFO: [Common 17-206] Exiting Vivado at Tue Mar 10 10:21:45 2026...
